This is pdfTeX, Version 3.1415926-1.40.11 (TeX Live 2010) (format=pdflatex 2011.7.11)  1 APR 2015 16:27
entering extended mode
 restricted \write18 enabled.
 %&-line parsing enabled.
**DEC_Template.tex
(./DEC_Template.tex
LaTeX2e <2009/09/24>
Babel <v3.8l> and hyphenation patterns for english, dumylang, nohyphenation, ge
rman-x-2009-06-19, ngerman-x-2009-06-19, afrikaans, ancientgreek, ibycus, arabi
c, armenian, basque, bulgarian, catalan, pinyin, coptic, croatian, czech, danis
h, dutch, ukenglish, usenglishmax, esperanto, estonian, ethiopic, farsi, finnis
h, french, galician, german, ngerman, swissgerman, monogreek, greek, hungarian,
 icelandic, assamese, bengali, gujarati, hindi, kannada, malayalam, marathi, or
iya, panjabi, tamil, telugu, indonesian, interlingua, irish, italian, kurmanji,
 lao, latin, latvian, lithuanian, mongolian, mongolianlmc, bokmal, nynorsk, pol
ish, portuguese, romanian, russian, sanskrit, serbian, slovak, slovenian, spani
sh, swedish, turkish, turkmen, ukrainian, uppersorbian, welsh, loaded.
(/nfs/kris/d1/local_net2/texlive/2010/texmf-dist/tex/latex/beamer/beamer.cls
(/nfs/kris/d1/local_net2/texlive/2010/texmf-dist/tex/latex/beamer/beamerbasercs
.sty
Package: beamerbasercs 2010/06/12 (rcs-revision c3821710bb40)
)
Document Class: beamer 2010/06/21 development version 3.10 A class for typesett
ing presentations (rcs-revision a6b1a8434d30)

(/nfs/kris/d1/local_net2/texlive/2010/texmf-dist/tex/latex/beamer/beamerbasemod
es.sty
Package: beamerbasemodes 2010/05/01 (rcs-revision efa082c6111d)
\beamer@tempbox=\box26
\beamer@tempcount=\count79
\c@beamerpauses=\count80

(/nfs/kris/d1/local_net2/texlive/2010/texmf-dist/tex/latex/beamer/beamerbasedec
ode.sty
Package: beamerbasedecode 2010/05/01 (rcs-revision efa082c6111d)
\beamer@slideinframe=\count81
\beamer@minimum=\count82
)
\beamer@commentbox=\box27
\beamer@modecount=\count83
)
\headheight=\dimen102
\headdp=\dimen103
\footheight=\dimen104
\sidebarheight=\dimen105
\beamer@tempdim=\dimen106
\beamer@finalheight=\dimen107
\beamer@animht=\dimen108
\beamer@animdp=\dimen109
\beamer@animwd=\dimen110
\beamer@leftmargin=\dimen111
\beamer@rightmargin=\dimen112
\beamer@leftsidebar=\dimen113
\beamer@rightsidebar=\dimen114
\beamer@boxsize=\dimen115
\beamer@vboxoffset=\dimen116
\beamer@descdefault=\dimen117
\beamer@descriptionwidth=\dimen118
\beamer@lastskip=\skip41
\beamer@areabox=\box28
\beamer@animcurrent=\box29
\beamer@animshowbox=\box30
\beamer@sectionbox=\box31
\beamer@logobox=\box32
\beamer@linebox=\box33
\beamer@sectioncount=\count84
\beamer@subsubsectionmax=\count85
\beamer@subsectionmax=\count86
\beamer@sectionmax=\count87
\beamer@totalheads=\count88
\beamer@headcounter=\count89
\beamer@partstartpage=\count90
\beamer@sectionstartpage=\count91
\beamer@subsectionstartpage=\count92
\beamer@animationtempa=\count93
\beamer@animationtempb=\count94
\beamer@xpos=\count95
\beamer@ypos=\count96
\beamer@showpartnumber=\count97
\beamer@currentsubsection=\count98
\beamer@coveringdepth=\count99
\beamer@sectionadjust=\count100
\beamer@tocsectionnumber=\count101

(/nfs/kris/d1/local_net2/texlive/2010/texmf-dist/tex/latex/beamer/beamerbaseopt
ions.sty
Package: beamerbaseoptions 2010/04/27 (rcs-revision 982469101dd6)

(/nfs/kris/d1/local_net2/texlive/2010/texmf-dist/tex/latex/graphics/keyval.sty
Package: keyval 1999/03/16 v1.13 key=value parser (DPC)
\KV@toks@=\toks14
))
\beamer@paperwidth=\skip42
\beamer@paperheight=\skip43

(/nfs/kris/d1/local_net2/texlive/2010/texmf-dist/tex/latex/geometry/geometry.st
y
Package: geometry 2010/09/12 v5.6 Page Geometry

(/nfs/kris/d1/local_net2/texlive/2010/texmf-dist/tex/generic/oberdiek/ifpdf.sty
Package: ifpdf 2011/01/30 v2.3 Provides the ifpdf switch (HO)
Package ifpdf Info: pdfTeX in PDF mode is detected.
)
(/nfs/kris/d1/local_net2/texlive/2010/texmf-dist/tex/generic/oberdiek/ifvtex.st
y
Package: ifvtex 2010/03/01 v1.5 Switches for detecting VTeX and its modes (HO)
Package ifvtex Info: VTeX not detected.
)
(/nfs/kris/d1/local_net2/texlive/2010/texmf-dist/tex/generic/ifxetex/ifxetex.st
y
Package: ifxetex 2010/09/12 v0.6 Provides ifxetex conditional
)
\Gm@cnth=\count102
\Gm@cntv=\count103
\c@Gm@tempcnt=\count104
\Gm@bindingoffset=\dimen119
\Gm@wd@mp=\dimen120
\Gm@odd@mp=\dimen121
\Gm@even@mp=\dimen122
\Gm@layoutwidth=\dimen123
\Gm@layoutheight=\dimen124
\Gm@layouthoffset=\dimen125
\Gm@layoutvoffset=\dimen126
\Gm@dimlist=\toks15
) (/nfs/kris/d1/local_net2/texlive/2010/texmf-dist/tex/latex/base/size11.clo
File: size11.clo 2007/10/19 v1.4h Standard LaTeX file (size option)
)
(/nfs/kris/d1/local_net2/texlive/2010/texmf-dist/tex/latex/pgf/basiclayer/pgfco
re.sty
(/nfs/kris/d1/local_net2/texlive/2010/texmf-dist/tex/latex/graphics/graphicx.st
y
Package: graphicx 1999/02/16 v1.0f Enhanced LaTeX Graphics (DPC,SPQR)

(/nfs/kris/d1/local_net2/texlive/2010/texmf-dist/tex/latex/graphics/graphics.st
y
Package: graphics 2009/02/05 v1.0o Standard LaTeX Graphics (DPC,SPQR)
 (/nfs/kris/d1/local_net2/texlive/2010/texmf-dist/tex/latex/graphics/trig.sty
Package: trig 1999/03/16 v1.09 sin cos tan (DPC)
)
(/nfs/kris/d1/local_net2/texlive/2010/texmf-dist/tex/latex/latexconfig/graphics
.cfg
File: graphics.cfg 2010/04/23 v1.9 graphics configuration of TeX Live
)
Package graphics Info: Driver file: pdftex.def on input line 91.

(/nfs/kris/d1/local_net2/texlive/2010/texmf-dist/tex/latex/pdftex-def/pdftex.de
f
File: pdftex.def 2011/05/18 v0.06c Graphics/color for pdfTeX

(/nfs/kris/d1/local_net2/texlive/2010/texmf-dist/tex/generic/oberdiek/infwarerr
.sty
Package: infwarerr 2010/04/08 v1.3 Providing info/warning/message (HO)
)
(/nfs/kris/d1/local_net2/texlive/2010/texmf-dist/tex/generic/oberdiek/ltxcmds.s
ty
Package: ltxcmds 2011/04/18 v1.20 LaTeX kernel commands for general use (HO)
)
\Gread@gobject=\count105
))
\Gin@req@height=\dimen127
\Gin@req@width=\dimen128
)
(/nfs/kris/d1/local_net2/texlive/2010/texmf-dist/tex/latex/pgf/systemlayer/pgfs
ys.sty
(/nfs/kris/d1/local_net2/texlive/2010/texmf-dist/tex/latex/pgf/utilities/pgfrcs
.sty
(/nfs/kris/d1/local_net2/texlive/2010/texmf-dist/tex/generic/pgf/utilities/pgfu
til-common.tex
\pgfutil@everybye=\toks16
)
(/nfs/kris/d1/local_net2/texlive/2010/texmf-dist/tex/generic/pgf/utilities/pgfu
til-latex.def
\pgfutil@abb=\box34

(/nfs/kris/d1/local_net2/texlive/2010/texmf-dist/tex/latex/ms/everyshi.sty
Package: everyshi 2001/05/15 v3.00 EveryShipout Package (MS)
))
(/nfs/kris/d1/local_net2/texlive/2010/texmf-dist/tex/generic/pgf/utilities/pgfr
cs.code.tex
Package: pgfrcs 2010/10/25 v2.10 (rcs-revision 1.24)
))
(/nfs/kris/d1/local_net2/texlive/2010/texmf-dist/tex/generic/pgf/systemlayer/pg
fsys.code.tex
Package: pgfsys 2010/06/30 v2.10 (rcs-revision 1.37)

(/nfs/kris/d1/local_net2/texlive/2010/texmf-dist/tex/generic/pgf/utilities/pgfk
eys.code.tex
\pgfkeys@pathtoks=\toks17
\pgfkeys@temptoks=\toks18

(/nfs/kris/d1/local_net2/texlive/2010/texmf-dist/tex/generic/pgf/utilities/pgfk
eysfiltered.code.tex
\pgfkeys@tmptoks=\toks19
))
\pgf@x=\dimen129
\pgf@y=\dimen130
\pgf@xa=\dimen131
\pgf@ya=\dimen132
\pgf@xb=\dimen133
\pgf@yb=\dimen134
\pgf@xc=\dimen135
\pgf@yc=\dimen136
\w@pgf@writea=\write3
\r@pgf@reada=\read1
\c@pgf@counta=\count106
\c@pgf@countb=\count107
\c@pgf@countc=\count108
\c@pgf@countd=\count109

(/nfs/kris/d1/local_net2/texlive/2010/texmf-dist/tex/generic/pgf/systemlayer/pg
f.cfg
File: pgf.cfg 2008/05/14  (rcs-revision 1.7)
)
Package pgfsys Info: Driver file for pgf: pgfsys-pdftex.def on input line 900.

(/nfs/kris/d1/local_net2/texlive/2010/texmf-dist/tex/generic/pgf/systemlayer/pg
fsys-pdftex.def
File: pgfsys-pdftex.def 2009/05/22  (rcs-revision 1.26)

(/nfs/kris/d1/local_net2/texlive/2010/texmf-dist/tex/generic/pgf/systemlayer/pg
fsys-common-pdf.def
File: pgfsys-common-pdf.def 2008/05/19  (rcs-revision 1.10)
)))
(/nfs/kris/d1/local_net2/texlive/2010/texmf-dist/tex/generic/pgf/systemlayer/pg
fsyssoftpath.code.tex
File: pgfsyssoftpath.code.tex 2008/07/18  (rcs-revision 1.7)
\pgfsyssoftpath@smallbuffer@items=\count110
\pgfsyssoftpath@bigbuffer@items=\count111
)
(/nfs/kris/d1/local_net2/texlive/2010/texmf-dist/tex/generic/pgf/systemlayer/pg
fsysprotocol.code.tex
File: pgfsysprotocol.code.tex 2006/10/16  (rcs-revision 1.4)
))
(/nfs/kris/d1/local_net2/texlive/2010/texmf-dist/tex/latex/xcolor/xcolor.sty
Package: xcolor 2007/01/21 v2.11 LaTeX color extensions (UK)

(/nfs/kris/d1/local_net2/texlive/2010/texmf-dist/tex/latex/latexconfig/color.cf
g
File: color.cfg 2007/01/18 v1.5 color configuration of teTeX/TeXLive
)
Package xcolor Info: Driver file: pdftex.def on input line 225.
Package xcolor Info: Model `cmy' substituted by `cmy0' on input line 1337.
Package xcolor Info: Model `hsb' substituted by `rgb' on input line 1341.
Package xcolor Info: Model `RGB' extended on input line 1353.
Package xcolor Info: Model `HTML' substituted by `rgb' on input line 1355.
Package xcolor Info: Model `Hsb' substituted by `hsb' on input line 1356.
Package xcolor Info: Model `tHsb' substituted by `hsb' on input line 1357.
Package xcolor Info: Model `HSB' substituted by `hsb' on input line 1358.
Package xcolor Info: Model `Gray' substituted by `gray' on input line 1359.
Package xcolor Info: Model `wave' substituted by `hsb' on input line 1360.
)
(/nfs/kris/d1/local_net2/texlive/2010/texmf-dist/tex/generic/pgf/basiclayer/pgf
core.code.tex
Package: pgfcore 2010/04/11 v2.10 (rcs-revision 1.7)

(/nfs/kris/d1/local_net2/texlive/2010/texmf-dist/tex/generic/pgf/math/pgfmath.c
ode.tex
(/nfs/kris/d1/local_net2/texlive/2010/texmf-dist/tex/generic/pgf/math/pgfmathca
lc.code.tex
(/nfs/kris/d1/local_net2/texlive/2010/texmf-dist/tex/generic/pgf/math/pgfmathut
il.code.tex)
(/nfs/kris/d1/local_net2/texlive/2010/texmf-dist/tex/generic/pgf/math/pgfmathpa
rser.code.tex
\pgfmath@dimen=\dimen137
\pgfmath@count=\count112
\pgfmath@box=\box35
\pgfmath@toks=\toks20
\pgfmath@stack@operand=\toks21
\pgfmath@stack@operation=\toks22
)
(/nfs/kris/d1/local_net2/texlive/2010/texmf-dist/tex/generic/pgf/math/pgfmathfu
nctions.code.tex
(/nfs/kris/d1/local_net2/texlive/2010/texmf-dist/tex/generic/pgf/math/pgfmathfu
nctions.basic.code.tex)
(/nfs/kris/d1/local_net2/texlive/2010/texmf-dist/tex/generic/pgf/math/pgfmathfu
nctions.trigonometric.code.tex)
(/nfs/kris/d1/local_net2/texlive/2010/texmf-dist/tex/generic/pgf/math/pgfmathfu
nctions.random.code.tex)
(/nfs/kris/d1/local_net2/texlive/2010/texmf-dist/tex/generic/pgf/math/pgfmathfu
nctions.comparison.code.tex)
(/nfs/kris/d1/local_net2/texlive/2010/texmf-dist/tex/generic/pgf/math/pgfmathfu
nctions.base.code.tex)
(/nfs/kris/d1/local_net2/texlive/2010/texmf-dist/tex/generic/pgf/math/pgfmathfu
nctions.round.code.tex)
(/nfs/kris/d1/local_net2/texlive/2010/texmf-dist/tex/generic/pgf/math/pgfmathfu
nctions.misc.code.tex)))
(/nfs/kris/d1/local_net2/texlive/2010/texmf-dist/tex/generic/pgf/math/pgfmathfl
oat.code.tex
\c@pgfmathroundto@lastzeros=\count113
))
(/nfs/kris/d1/local_net2/texlive/2010/texmf-dist/tex/generic/pgf/basiclayer/pgf
corepoints.code.tex
File: pgfcorepoints.code.tex 2010/04/09  (rcs-revision 1.20)
\pgf@picminx=\dimen138
\pgf@picmaxx=\dimen139
\pgf@picminy=\dimen140
\pgf@picmaxy=\dimen141
\pgf@pathminx=\dimen142
\pgf@pathmaxx=\dimen143
\pgf@pathminy=\dimen144
\pgf@pathmaxy=\dimen145
\pgf@xx=\dimen146
\pgf@xy=\dimen147
\pgf@yx=\dimen148
\pgf@yy=\dimen149
\pgf@zx=\dimen150
\pgf@zy=\dimen151
)
(/nfs/kris/d1/local_net2/texlive/2010/texmf-dist/tex/generic/pgf/basiclayer/pgf
corepathconstruct.code.tex
File: pgfcorepathconstruct.code.tex 2010/08/03  (rcs-revision 1.24)
\pgf@path@lastx=\dimen152
\pgf@path@lasty=\dimen153
)
(/nfs/kris/d1/local_net2/texlive/2010/texmf-dist/tex/generic/pgf/basiclayer/pgf
corepathusage.code.tex
File: pgfcorepathusage.code.tex 2008/04/22  (rcs-revision 1.12)
\pgf@shorten@end@additional=\dimen154
\pgf@shorten@start@additional=\dimen155
)
(/nfs/kris/d1/local_net2/texlive/2010/texmf-dist/tex/generic/pgf/basiclayer/pgf
corescopes.code.tex
File: pgfcorescopes.code.tex 2010/09/08  (rcs-revision 1.34)
\pgfpic=\box36
\pgf@hbox=\box37
\pgf@layerbox@main=\box38
\pgf@picture@serial@count=\count114
)
(/nfs/kris/d1/local_net2/texlive/2010/texmf-dist/tex/generic/pgf/basiclayer/pgf
coregraphicstate.code.tex
File: pgfcoregraphicstate.code.tex 2008/04/22  (rcs-revision 1.9)
\pgflinewidth=\dimen156
)
(/nfs/kris/d1/local_net2/texlive/2010/texmf-dist/tex/generic/pgf/basiclayer/pgf
coretransformations.code.tex
File: pgfcoretransformations.code.tex 2009/06/10  (rcs-revision 1.11)
\pgf@pt@x=\dimen157
\pgf@pt@y=\dimen158
\pgf@pt@temp=\dimen159
)
(/nfs/kris/d1/local_net2/texlive/2010/texmf-dist/tex/generic/pgf/basiclayer/pgf
corequick.code.tex
File: pgfcorequick.code.tex 2008/10/09  (rcs-revision 1.3)
)
(/nfs/kris/d1/local_net2/texlive/2010/texmf-dist/tex/generic/pgf/basiclayer/pgf
coreobjects.code.tex
File: pgfcoreobjects.code.tex 2006/10/11  (rcs-revision 1.2)
)
(/nfs/kris/d1/local_net2/texlive/2010/texmf-dist/tex/generic/pgf/basiclayer/pgf
corepathprocessing.code.tex
File: pgfcorepathprocessing.code.tex 2008/10/09  (rcs-revision 1.8)
)
(/nfs/kris/d1/local_net2/texlive/2010/texmf-dist/tex/generic/pgf/basiclayer/pgf
corearrows.code.tex
File: pgfcorearrows.code.tex 2008/04/23  (rcs-revision 1.11)
)
(/nfs/kris/d1/local_net2/texlive/2010/texmf-dist/tex/generic/pgf/basiclayer/pgf
coreshade.code.tex
File: pgfcoreshade.code.tex 2008/11/23  (rcs-revision 1.13)
\pgf@max=\dimen160
\pgf@sys@shading@range@num=\count115
)
(/nfs/kris/d1/local_net2/texlive/2010/texmf-dist/tex/generic/pgf/basiclayer/pgf
coreimage.code.tex
File: pgfcoreimage.code.tex 2010/03/25  (rcs-revision 1.16)

(/nfs/kris/d1/local_net2/texlive/2010/texmf-dist/tex/generic/pgf/basiclayer/pgf
coreexternal.code.tex
File: pgfcoreexternal.code.tex 2010/09/01  (rcs-revision 1.17)
\pgfexternal@startupbox=\box39
))
(/nfs/kris/d1/local_net2/texlive/2010/texmf-dist/tex/generic/pgf/basiclayer/pgf
corelayers.code.tex
File: pgfcorelayers.code.tex 2010/08/27  (rcs-revision 1.2)
)
(/nfs/kris/d1/local_net2/texlive/2010/texmf-dist/tex/generic/pgf/basiclayer/pgf
coretransparency.code.tex
File: pgfcoretransparency.code.tex 2008/01/17  (rcs-revision 1.2)
)
(/nfs/kris/d1/local_net2/texlive/2010/texmf-dist/tex/generic/pgf/basiclayer/pgf
corepatterns.code.tex
File: pgfcorepatterns.code.tex 2009/07/02  (rcs-revision 1.3)
)))
(/nfs/kris/d1/local_net2/texlive/2010/texmf-dist/tex/latex/pgf/utilities/xxcolo
r.sty
Package: xxcolor 2003/10/24 ver 0.1
\XC@nummixins=\count116
\XC@countmixins=\count117
)
(/nfs/kris/d1/local_net2/texlive/2010/texmf-dist/tex/latex/hyperref/hyperref.st
y
Package: hyperref 2011/04/17 v6.82g Hypertext links for LaTeX

(/nfs/kris/d1/local_net2/texlive/2010/texmf-dist/tex/generic/oberdiek/hobsub-hy
perref.sty
Package: hobsub-hyperref 2011/04/23 v1.4 Bundle oberdiek, subset hyperref (HO)

(/nfs/kris/d1/local_net2/texlive/2010/texmf-dist/tex/generic/oberdiek/hobsub-ge
neric.sty
Package: hobsub-generic 2011/04/23 v1.4 Bundle oberdiek, subset generic (HO)
Package: hobsub 2011/04/23 v1.4 Subsetting bundle oberdiek (HO)
Package hobsub Info: Skipping package `infwarerr' (already loaded).
Package hobsub Info: Skipping package `ltxcmds' (already loaded).
Package: ifluatex 2010/03/01 v1.3 Provides the ifluatex switch (HO)
Package ifluatex Info: LuaTeX not detected.
Package hobsub Info: Skipping package `ifvtex' (already loaded).
Package: intcalc 2007/09/27 v1.1 Expandable integer calculations (HO)
Package hobsub Info: Skipping package `ifpdf' (already loaded).
Package: etexcmds 2011/02/16 v1.5 Prefix for e-TeX command names (HO)
Package etexcmds Info: Could not find \expanded.
(etexcmds)             That can mean that you are not using pdfTeX 1.50 or
(etexcmds)             that some package has redefined \expanded.
(etexcmds)             In the latter case, load this package earlier.
Package: kvsetkeys 2011/04/07 v1.13 Key value parser (HO)
Package: kvdefinekeys 2011/04/07 v1.3 Defining keys (HO)
Package: pdftexcmds 2011/04/22 v0.16 Utilities of pdfTeX for LuaTeX (HO)
Package pdftexcmds Info: LuaTeX not detected.
Package pdftexcmds Info: \pdf@primitive is available.
Package pdftexcmds Info: \pdf@ifprimitive is available.
Package pdftexcmds Info: \pdfdraftmode found.
Package: pdfescape 2011/04/04 v1.12 Provides string conversions (HO)
Package: bigintcalc 2011/01/30 v1.2 Expandable big integer calculations (HO)
Package: bitset 2011/01/30 v1.1 Data type bit set (HO)
Package: uniquecounter 2011/01/30 v1.2 Provides unlimited unique counter (HO)
)
Package hobsub Info: Skipping package `hobsub' (already loaded).
Package: letltxmacro 2010/09/02 v1.4 Let assignment for LaTeX macros (HO)
Package: hopatch 2011/01/30 v1.0 Wrapper for package hooks (HO)
Package: xcolor-patch 2011/01/30 xcolor patch
Package: atveryend 2011/04/23 v1.7 Hooks at very end of document (HO)
Package atveryend Info: \enddocument detected (standard).
Package: atbegshi 2011/01/30 v1.15 At begin shipout hook (HO)
Package: refcount 2010/12/01 v3.2 Data extraction from references (HO)
Package: hycolor 2011/01/30 v1.7 Color options of hyperref/bookmark (HO)
)
(/nfs/kris/d1/local_net2/texlive/2010/texmf-dist/tex/latex/oberdiek/kvoptions.s
ty
Package: kvoptions 2010/12/23 v3.10 Keyval support for LaTeX options (HO)
)
\@linkdim=\dimen161
\Hy@linkcounter=\count118
\Hy@pagecounter=\count119

(/nfs/kris/d1/local_net2/texlive/2010/texmf-dist/tex/latex/hyperref/pd1enc.def
File: pd1enc.def 2011/04/17 v6.82g Hyperref: PDFDocEncoding definition (HO)
)
\Hy@SavedSpaceFactor=\count120

(/nfs/kris/d1/local_net2/texlive/2010/texmf-dist/tex/latex/latexconfig/hyperref
.cfg
File: hyperref.cfg 2002/06/06 v1.2 hyperref configuration of TeXLive
)
Package hyperref Info: Option `bookmarks' set `true' on input line 3905.
Package hyperref Info: Option `bookmarksopen' set `true' on input line 3905.
Package hyperref Info: Option `implicit' set `false' on input line 3905.
Package hyperref Info: Hyper figures OFF on input line 4026.
Package hyperref Info: Link nesting OFF on input line 4031.
Package hyperref Info: Hyper index ON on input line 4034.
Package hyperref Info: Plain pages OFF on input line 4041.
Package hyperref Info: Backreferencing OFF on input line 4046.
Package hyperref Info: Implicit mode OFF; no redefinition of LaTeX internals.
Package hyperref Info: Bookmarks ON on input line 4264.
\c@Hy@tempcnt=\count121
 (/nfs/kris/d1/local_net2/texlive/2010/texmf-dist/tex/latex/url/url.sty
\Urlmuskip=\muskip10
Package: url 2006/04/12  ver 3.3  Verb mode for urls, etc.
)
LaTeX Info: Redefining \url on input line 4617.
\Fld@menulength=\count122
\Field@Width=\dimen162
\Fld@charsize=\dimen163
Package hyperref Info: Hyper figures OFF on input line 5701.
Package hyperref Info: Link nesting OFF on input line 5706.
Package hyperref Info: Hyper index ON on input line 5709.
Package hyperref Info: backreferencing OFF on input line 5716.
Package hyperref Info: Link coloring OFF on input line 5721.
Package hyperref Info: Link coloring with OCG OFF on input line 5726.
Package hyperref Info: PDF/A mode OFF on input line 5731.
LaTeX Info: Redefining \ref on input line 5771.
LaTeX Info: Redefining \pageref on input line 5775.
\Hy@abspage=\count123


Package hyperref Message: Stopped early.

)

Package hyperref Message: Driver (autodetected): hpdftex.


(/nfs/kris/d1/local_net2/texlive/2010/texmf-dist/tex/latex/hyperref/hpdftex.def
File: hpdftex.def 2011/04/17 v6.82g Hyperref driver for pdfTeX
\Fld@listcount=\count124
\c@bookmark@seq@number=\count125

(/nfs/kris/d1/local_net2/texlive/2010/texmf-dist/tex/latex/oberdiek/rerunfilech
eck.sty
Package: rerunfilecheck 2011/04/15 v1.7 Rerun checks for auxiliary files (HO)
Package uniquecounter Info: New unique counter `rerunfilecheck' on input line 2
82.
))
(/nfs/kris/d1/local_net2/texlive/2010/texmf-dist/tex/latex/beamer/beamerbasereq
uires.sty
Package: beamerbaserequires 2010/05/01  (rcs-revision efa082c6111d)

(/nfs/kris/d1/local_net2/texlive/2010/texmf-dist/tex/latex/beamer/beamerbasecom
patibility.sty
Package: beamerbasecompatibility 2010/07/12  (rcs-revision 6648c3177e4e)
)
(/nfs/kris/d1/local_net2/texlive/2010/texmf-dist/tex/latex/beamer/beamerbasefon
t.sty
Package: beamerbasefont 2010/05/10  (rcs-revision cd36e8a33c6b)

(/nfs/kris/d1/local_net2/texlive/2010/texmf-dist/tex/latex/amsfonts/amssymb.sty
Package: amssymb 2009/06/22 v3.00

(/nfs/kris/d1/local_net2/texlive/2010/texmf-dist/tex/latex/amsfonts/amsfonts.st
y
Package: amsfonts 2009/06/22 v3.00 Basic AMSFonts support
\@emptytoks=\toks23
\symAMSa=\mathgroup4
\symAMSb=\mathgroup5
LaTeX Font Info:    Overwriting math alphabet `\mathfrak' in version `bold'
(Font)                  U/euf/m/n --> U/euf/b/n on input line 96.
)))
(/nfs/kris/d1/local_net2/texlive/2010/texmf-dist/tex/latex/beamer/beamerbasetra
nslator.sty
Package: beamerbasetranslator 2010/06/11  (rcs-revision 85fd1cc7fc42)

(/nfs/kris/d1/local_net2/texlive/2010/texmf-dist/tex/latex/beamer/translator/tr
anslator.sty
Package: translator 2010/06/12 ver 1.10

(/nfs/kris/d1/local_net2/texlive/2010/texmf-dist/tex/latex/beamer/translator/tr
anslator-language-mappings.tex)))
(/nfs/kris/d1/local_net2/texlive/2010/texmf-dist/tex/latex/beamer/beamerbasemis
c.sty
Package: beamerbasemisc 2010/06/06  (rcs-revision bff0a9294b45)
)
(/nfs/kris/d1/local_net2/texlive/2010/texmf-dist/tex/latex/beamer/beamerbasetwo
screens.sty
Package: beamerbasetwoscreens 2010/05/01  (rcs-revision efa082c6111d)
)
(/nfs/kris/d1/local_net2/texlive/2010/texmf-dist/tex/latex/beamer/beamerbaseove
rlay.sty
Package: beamerbaseoverlay 2010/05/07  (rcs-revision 5584dad462a9)
\beamer@argscount=\count126
\beamer@lastskipcover=\skip44
\beamer@trivlistdepth=\count127
)
(/nfs/kris/d1/local_net2/texlive/2010/texmf-dist/tex/latex/beamer/beamerbasetit
le.sty
Package: beamerbasetitle 2010/06/12  (rcs-revision 717e481ca47a)
)
(/nfs/kris/d1/local_net2/texlive/2010/texmf-dist/tex/latex/beamer/beamerbasesec
tion.sty
Package: beamerbasesection 2010/06/17  (rcs-revision e0d9401bb743)
\c@lecture=\count128
\c@part=\count129
\c@section=\count130
\c@subsection=\count131
\c@subsubsection=\count132
)
(/nfs/kris/d1/local_net2/texlive/2010/texmf-dist/tex/latex/beamer/beamerbasefra
me.sty
Package: beamerbaseframe 2010/06/06  (rcs-revision bff0a9294b45)
\beamer@framebox=\box40
\beamer@frametitlebox=\box41
\beamer@zoombox=\box42
\beamer@zoomcount=\count133
\beamer@zoomframecount=\count134
\beamer@frametextheight=\dimen164
\c@subsectionslide=\count135
\beamer@frametopskip=\skip45
\beamer@framebottomskip=\skip46
\beamer@frametopskipautobreak=\skip47
\beamer@framebottomskipautobreak=\skip48
\beamer@envbody=\toks24
\c@framenumber=\count136
)
(/nfs/kris/d1/local_net2/texlive/2010/texmf-dist/tex/latex/beamer/beamerbasever
batim.sty
Package: beamerbaseverbatim 2010/05/01  (rcs-revision efa082c6111d)
\beamer@verbatimfileout=\write4
)
(/nfs/kris/d1/local_net2/texlive/2010/texmf-dist/tex/latex/beamer/beamerbasefra
mesize.sty
Package: beamerbaseframesize 2010/06/27  (rcs-revision 6baa2d92e6f1)
\beamer@splitbox=\box43
\beamer@autobreakcount=\count137
\beamer@autobreaklastheight=\dimen165
\beamer@frametitletoks=\toks25
\beamer@framesubtitletoks=\toks26
)
(/nfs/kris/d1/local_net2/texlive/2010/texmf-dist/tex/latex/beamer/beamerbasefra
mecomponents.sty
Package: beamerbaseframecomponents 2010/07/12  (rcs-revision 09e82992d9b1)
\beamer@footins=\box44
)
(/nfs/kris/d1/local_net2/texlive/2010/texmf-dist/tex/latex/beamer/beamerbasecol
or.sty
Package: beamerbasecolor 2010/06/06  (rcs-revision d1a9b48be06d)
)
(/nfs/kris/d1/local_net2/texlive/2010/texmf-dist/tex/latex/beamer/beamerbasenot
es.sty
Package: beamerbasenotes 2010/05/01  (rcs-revision efa082c6111d)
\beamer@frameboxcopy=\box45
)
(/nfs/kris/d1/local_net2/texlive/2010/texmf-dist/tex/latex/beamer/beamerbasetoc
.sty
Package: beamerbasetoc 2010/06/11  (rcs-revision 242ecaa6783b)
)
(/nfs/kris/d1/local_net2/texlive/2010/texmf-dist/tex/latex/beamer/beamerbasetem
plates.sty
Package: beamerbasetemplates 2010/05/01  (rcs-revision efa082c6111d)
\beamer@sbttoks=\toks27

(/nfs/kris/d1/local_net2/texlive/2010/texmf-dist/tex/latex/beamer/beamerbaseaux
templates.sty
Package: beamerbaseauxtemplates 2010/05/01  (rcs-revision efa082c6111d)

(/nfs/kris/d1/local_net2/texlive/2010/texmf-dist/tex/latex/beamer/beamerbasebox
es.sty
Package: beamerbaseboxes 2010/05/01  (rcs-revision efa082c6111d)
\bmb@box=\box46
\bmb@colorbox=\box47
\bmb@boxshadow=\box48
\bmb@boxshadowball=\box49
\bmb@boxshadowballlarge=\box50
\bmb@temp=\dimen166
\bmb@dima=\dimen167
\bmb@dimb=\dimen168
\bmb@prevheight=\dimen169
)
\beamer@blockheadheight=\dimen170
))
(/nfs/kris/d1/local_net2/texlive/2010/texmf-dist/tex/latex/beamer/beamerbaseloc
alstructure.sty
Package: beamerbaselocalstructure 2010/06/01  (rcs-revision 81f9e33f7cc2)

(/nfs/kris/d1/local_net2/texlive/2010/texmf-dist/tex/latex/tools/enumerate.sty
Package: enumerate 1999/03/05 v3.00 enumerate extensions (DPC)
\@enLab=\toks28
)
\c@figure=\count138
\c@table=\count139
\abovecaptionskip=\skip49
\belowcaptionskip=\skip50
)
(/nfs/kris/d1/local_net2/texlive/2010/texmf-dist/tex/latex/beamer/beamerbasenav
igation.sty
Package: beamerbasenavigation 2010/05/01  (rcs-revision efa082c6111d)
)
(/nfs/kris/d1/local_net2/texlive/2010/texmf-dist/tex/latex/beamer/beamerbasethe
orems.sty
Package: beamerbasetheorems 2010/06/06  (rcs-revision 7e7cc5e53e9d)

(/nfs/kris/d1/local_net2/texlive/2010/texmf-dist/tex/latex/amsmath/amsmath.sty
Package: amsmath 2000/07/18 v2.13 AMS math features
\@mathmargin=\skip51

For additional information on amsmath, use the `?' option.
(/nfs/kris/d1/local_net2/texlive/2010/texmf-dist/tex/latex/amsmath/amstext.sty
Package: amstext 2000/06/29 v2.01

(/nfs/kris/d1/local_net2/texlive/2010/texmf-dist/tex/latex/amsmath/amsgen.sty
File: amsgen.sty 1999/11/30 v2.0
\@emptytoks=\toks29
\ex@=\dimen171
)) (/nfs/kris/d1/local_net2/texlive/2010/texmf-dist/tex/latex/amsmath/amsbsy.st
y
Package: amsbsy 1999/11/29 v1.2d
\pmbraise@=\dimen172
) (/nfs/kris/d1/local_net2/texlive/2010/texmf-dist/tex/latex/amsmath/amsopn.sty
Package: amsopn 1999/12/14 v2.01 operator names
)
\inf@bad=\count140
LaTeX Info: Redefining \frac on input line 211.
\uproot@=\count141
\leftroot@=\count142
LaTeX Info: Redefining \overline on input line 307.
\classnum@=\count143
\DOTSCASE@=\count144
LaTeX Info: Redefining \ldots on input line 379.
LaTeX Info: Redefining \dots on input line 382.
LaTeX Info: Redefining \cdots on input line 467.
\Mathstrutbox@=\box51
\strutbox@=\box52
\big@size=\dimen173
LaTeX Font Info:    Redeclaring font encoding OML on input line 567.
LaTeX Font Info:    Redeclaring font encoding OMS on input line 568.
\macc@depth=\count145
\c@MaxMatrixCols=\count146
\dotsspace@=\muskip11
\c@parentequation=\count147
\dspbrk@lvl=\count148
\tag@help=\toks30
\row@=\count149
\column@=\count150
\maxfields@=\count151
\andhelp@=\toks31
\eqnshift@=\dimen174
\alignsep@=\dimen175
\tagshift@=\dimen176
\tagwidth@=\dimen177
\totwidth@=\dimen178
\lineht@=\dimen179
\@envbody=\toks32
\multlinegap=\skip52
\multlinetaggap=\skip53
\mathdisplay@stack=\toks33
LaTeX Info: Redefining \[ on input line 2666.
LaTeX Info: Redefining \] on input line 2667.
) (/nfs/kris/d1/local_net2/texlive/2010/texmf-dist/tex/latex/amscls/amsthm.sty
Package: amsthm 2009/07/02 v2.20.1
\thm@style=\toks34
\thm@bodyfont=\toks35
\thm@headfont=\toks36
\thm@notefont=\toks37
\thm@headpunct=\toks38
\thm@preskip=\skip54
\thm@postskip=\skip55
\thm@headsep=\skip56
\dth@everypar=\toks39
)
\c@theorem=\count152
)
(/nfs/kris/d1/local_net2/texlive/2010/texmf-dist/tex/latex/beamer/beamerbasethe
mes.sty
Package: beamerbasethemes 2010/05/01  (rcs-revision efa082c6111d)
))
(/nfs/kris/d1/local_net2/texlive/2010/texmf-dist/tex/latex/beamer/themes/theme/
beamerthemedefault.sty
Package: beamerthemedefault 2010/06/17  (rcs-revision d02a7cf4d8ae)

(/nfs/kris/d1/local_net2/texlive/2010/texmf-dist/tex/latex/beamer/themes/font/b
eamerfontthemedefault.sty
Package: beamerfontthemedefault 2010/06/17  (rcs-revision d02a7cf4d8ae)
)
(/nfs/kris/d1/local_net2/texlive/2010/texmf-dist/tex/latex/beamer/themes/color/
beamercolorthemedefault.sty
Package: beamercolorthemedefault 2010/06/17  (rcs-revision d02a7cf4d8ae)
)
(/nfs/kris/d1/local_net2/texlive/2010/texmf-dist/tex/latex/beamer/themes/inner/
beamerinnerthemedefault.sty
Package: beamerinnerthemedefault 2010/06/17  (rcs-revision d02a7cf4d8ae)
\beamer@dima=\dimen180
\beamer@dimb=\dimen181
)
(/nfs/kris/d1/local_net2/texlive/2010/texmf-dist/tex/latex/beamer/themes/outer/
beamerouterthemedefault.sty
Package: beamerouterthemedefault 2010/06/17  (rcs-revision d02a7cf4d8ae)
)))
(/nfs/kris/d1/local_net2/texlive/2010/texmf-dist/tex/latex/beamer/themes/theme/
beamerthemePaloAlto.sty
Package: beamerthemePaloAlto 2010/06/17  (rcs-revision d02a7cf4d8ae)

(/nfs/kris/d1/local_net2/texlive/2010/texmf-dist/tex/latex/beamer/themes/outer/
beamerouterthemesidebar.sty
Package: beamerouterthemesidebar 2010/06/17  (rcs-revision d02a7cf4d8ae)
\beamer@sidebarwidth=\dimen182
\beamer@headheight=\dimen183
)
(/nfs/kris/d1/local_net2/texlive/2010/texmf-dist/tex/latex/beamer/themes/inner/
beamerinnerthemerounded.sty
Package: beamerinnerthemerounded 2010/06/17  (rcs-revision d02a7cf4d8ae)
)
(/nfs/kris/d1/local_net2/texlive/2010/texmf-dist/tex/latex/beamer/themes/color/
beamercolorthemeorchid.sty
Package: beamercolorthemeorchid 2010/06/17  (rcs-revision d02a7cf4d8ae)
)
(/nfs/kris/d1/local_net2/texlive/2010/texmf-dist/tex/latex/beamer/themes/color/
beamercolorthemewhale.sty
Package: beamercolorthemewhale 2010/06/17  (rcs-revision d02a7cf4d8ae)
))
(/nfs/kris/d1/local_net2/texlive/2010/texmf-dist/tex/latex/beamer/themes/inner/
beamerinnerthemerectangles.sty
Package: beamerinnerthemerectangles 2010/06/17  (rcs-revision d02a7cf4d8ae)
)
(/nfs/kris/d1/local_net2/texlive/2010/texmf-dist/tex/latex/beamer/themes/color/
beamercolorthemebeaver.sty
Package: beamercolorthemebeaver 2010/06/17  (rcs-revision d02a7cf4d8ae)
)
(/nfs/kris/d1/local_net2/texlive/2010/texmf-dist/tex/latex/mhchem/mhchem.sty
Package: mhchem 2011/04/29 v3.10 for typesetting chemical formulae

(/nfs/kris/d1/local_net2/texlive/2010/texmf-dist/tex/latex/base/ifthen.sty
Package: ifthen 2001/05/26 v1.1c Standard LaTeX ifthen package (DPC)
)
(/nfs/kris/d1/local_net2/texlive/2010/texmf-dist/tex/latex/tools/calc.sty
Package: calc 2007/08/22 v4.3 Infix arithmetic (KKT,FJ)
\calc@Acount=\count153
\calc@Bcount=\count154
\calc@Adimen=\dimen184
\calc@Bdimen=\dimen185
\calc@Askip=\skip57
\calc@Bskip=\skip58
LaTeX Info: Redefining \setlength on input line 76.
LaTeX Info: Redefining \addtolength on input line 77.
\calc@Ccount=\count155
\calc@Cskip=\skip59
)
(/nfs/kris/d1/local_net2/texlive/2010/texmf-dist/tex/latex/oberdiek/twoopt.sty
Package: twoopt 2008/08/11 v1.5 Definitions with two optional arguments (HO)
)
\tok@mhchem@ce@iii=\toks40
\mhchem@arrowminlength=\skip60
\mhchem@arrows@box=\box53
\mhchem@arrowlength@pgf=\skip61
\mhchem@arrowminlength@pgf=\skip62
\mhchem@bondwidth=\skip63
\mhchem@bondheight=\skip64
\mhchem@smallbondwidth@tmpA=\skip65
\mhchem@smallbondwidth@tmpB=\skip66
\mhchem@smallbondwidth=\skip67
\mhchem@cf@result=\toks41
\mhchem@cf@element=\toks42
\mhchem@cf@amount=\toks43
\mhchem@cf@sup=\toks44
\mhchem@cf@presub=\toks45
\mhchem@cf@presup=\toks46
\mhchem@cf@replaceMath@result=\toks47
\mhchem@cf@replaceMathMinusDot@result=\toks48
\mhchem@prepostscript@tmp@i=\skip68
\mhchem@prepostscript@tmp@ii=\skip69
\mhchem@mathbox@tmp@i=\skip70
\mhchem@mathbox@tmp@ii=\skip71
\mhchem@minispace@tmp=\skip72
\mhchem@option@minussidebearingleft=\skip73
\mhchem@option@minussidebearingright=\skip74
)
(/nfs/kris/d1/local_net2/texlive/2010/texmf-dist/tex/latex/caption/caption.sty
Package: caption 2010/01/09 v3.1m Customizing captions (AR)

(/nfs/kris/d1/local_net2/texlive/2010/texmf-dist/tex/latex/caption/caption3.sty
Package: caption3 2010/01/14 v3.1m caption3 kernel (AR)
\captionmargin=\dimen186
\captionmargin@=\dimen187
\captionwidth=\dimen188
\caption@indent=\dimen189
\caption@parindent=\dimen190
\caption@hangindent=\dimen191
)
\c@ContinuedFloat=\count156
Package caption Info: beamer document class.
Package caption Info: hyperref package is loaded.


Package caption Warning: Hyperref support is turned off
(caption)                because hyperref has stopped early.
See the caption package documentation for explanation.

)
(/nfs/kris/d1/local_net2/texlive/2010/texmf-dist/tex/latex/textpos/textpos.sty
Package: textpos 2010/09/30 v1.7g

Package: `textpos' 1.7g <2010 September 30>
\TP@textbox=\box54
\TPHorizModule=\dimen192
\TPVertModule=\dimen193
\TP@margin=\dimen194
\TP@absmargin=\dimen195
Grid set 16 x 16 = 22.7622pt x 17.07166pt
\TPboxrulesize=\dimen196
\TP@tbargs=\toks49
\TP@prevdepth=\dimen197
) (/nfs/kris/d1/local_net2/texlive/2010/texmf-dist/tex/latex/esint/esint.sty
Package: esint 
\symlargesymbolsA=\mathgroup6
)
(/nfs/kris/d1/local_net2/texlive/2010/texmf-dist/tex/latex/etoolbox/etoolbox.st
y
Package: etoolbox 2011/01/03 v2.1 e-TeX tools for LaTeX
 (/nfs/kris/d1/local_net2/texlive/2010/texmf-dist/tex/latex/etex-pkg/etex.sty
Package: etex 1998/03/26 v2.0 eTeX basic definition package (PEB)
\et@xins=\count157
)
\etb@tempcnta=\count158
)
(/nfs/kris/d1/local_net2/texlive/2010/texmf-dist/tex/latex/wrapfig/wrapfig.sty
\wrapoverhang=\dimen198
\WF@size=\dimen199
\c@WF@wrappedlines=\count159
\WF@box=\box55
\WF@everypar=\toks50
Package: wrapfig 2003/01/31  v 3.6
) (/nfs/kris/d1/local_net2/texlive/2010/texmf-dist/tex/latex/tools/multicol.sty
Package: multicol 2008/12/05 v1.6h multicolumn formatting (FMi)
\c@tracingmulticols=\count160
\mult@box=\box56
\multicol@leftmargin=\dimen200
\c@unbalance=\count161
\c@collectmore=\count162
\doublecol@number=\count163
\multicoltolerance=\count164
\multicolpretolerance=\count165
\full@width=\dimen201
\page@free=\dimen202
\premulticols=\dimen203
\postmulticols=\dimen204
\multicolsep=\skip75
\multicolbaselineskip=\skip76
\partial@page=\box57
\last@line=\box58
\mult@rightbox=\box59
\mult@grightbox=\box60
\mult@gfirstbox=\box61
\mult@firstbox=\box62
\@tempa=\box63
\@tempa=\box64
\@tempa=\box65
\@tempa=\box66
\@tempa=\box67
\@tempa=\box68
\@tempa=\box69
\@tempa=\box70
\@tempa=\box71
\@tempa=\box72
\@tempa=\box73
\@tempa=\box74
\@tempa=\box75
\@tempa=\box76
\@tempa=\box77
\@tempa=\box78
\@tempa=\box79
\c@columnbadness=\count166
\c@finalcolumnbadness=\count167
\last@try=\dimen205
\multicolovershoot=\dimen206
\multicolundershoot=\dimen207
\mult@nat@firstbox=\box80
\colbreak@box=\box81
) (/nfs/kris/d1/local_net2/texlive/2010/texmf-dist/tex/latex/subfig/subfig.sty
Package: subfig 2005/06/28 ver: 1.3 subfig package
\c@KVtest=\count168
\sf@farskip=\skip77
\sf@captopadj=\dimen208
\sf@capskip=\skip78
\sf@nearskip=\skip79
\c@subfigure=\count169
\c@subfigure@save=\count170
\c@depth=\count171
\c@subtable=\count172
\c@subtable@save=\count173
\sf@top=\skip80
\sf@bottom=\skip81
)
(./DEC_Template.aux

LaTeX Warning: Label `fig:cubeAMRbased' multiply defined.


LaTeX Warning: Label `fig:errorHO' multiply defined.


LaTeX Warning: Label `sub@fig:errorHO' multiply defined.

)
\openout1 = `DEC_Template.aux'.

LaTeX Font Info:    Checking defaults for OML/cmm/m/it on input line 120.
LaTeX Font Info:    ... okay on input line 120.
LaTeX Font Info:    Checking defaults for T1/cmr/m/n on input line 120.
LaTeX Font Info:    ... okay on input line 120.
LaTeX Font Info:    Checking defaults for OT1/cmr/m/n on input line 120.
LaTeX Font Info:    ... okay on input line 120.
LaTeX Font Info:    Checking defaults for OMS/cmsy/m/n on input line 120.
LaTeX Font Info:    ... okay on input line 120.
LaTeX Font Info:    Checking defaults for OMX/cmex/m/n on input line 120.
LaTeX Font Info:    ... okay on input line 120.
LaTeX Font Info:    Checking defaults for U/cmr/m/n on input line 120.
LaTeX Font Info:    ... okay on input line 120.
LaTeX Font Info:    Checking defaults for PD1/pdf/m/n on input line 120.
LaTeX Font Info:    ... okay on input line 120.

*geometry* driver: auto-detecting
*geometry* detected driver: pdftex
*geometry* verbose mode - [ preamble ] result:
* driver: pdftex
* paper: custom
* layout: <same size as paper>
* layoutoffset:(h,v)=(0.0pt,0.0pt)
* modes: includehead includefoot 
* h-part:(L,W,R)=(59.22636pt, 290.74263pt, 14.22636pt)
* v-part:(T,H,B)=(0.0pt, 273.14662pt, 0.0pt)
* \paperwidth=364.19536pt
* \paperheight=273.14662pt
* \textwidth=290.74263pt
* \textheight=244.6939pt
* \oddsidemargin=-13.04362pt
* \evensidemargin=-13.04362pt
* \topmargin=-72.26999pt
* \headheight=14.22636pt
* \headsep=0.0pt
* \topskip=11.0pt
* \footskip=14.22636pt
* \marginparwidth=4.0pt
* \marginparsep=10.0pt
* \columnsep=10.0pt
* \skip\footins=10.0pt plus 4.0pt minus 2.0pt
* \hoffset=0.0pt
* \voffset=0.0pt
* \mag=1000
* \@twocolumnfalse
* \@twosidefalse
* \@mparswitchfalse
* \@reversemarginfalse
* (1in=72.27pt=25.4mm, 1cm=28.453pt)


(/nfs/kris/d1/local_net2/texlive/2010/texmf-dist/tex/context/base/supp-pdf.mkii
[Loading MPS to PDF converter (version 2006.09.02).]
\scratchcounter=\count174
\scratchdimen=\dimen209
\scratchbox=\box82
\nofMPsegments=\count175
\nofMParguments=\count176
\everyMPshowfont=\toks51
\MPscratchCnt=\count177
\MPscratchDim=\dimen210
\MPnumerator=\count178
\everyMPtoPDFconversion=\toks52
)
(/nfs/kris/d1/local_net2/texlive/2010/texmf-dist/tex/latex/oberdiek/epstopdf-ba
se.sty
Package: epstopdf-base 2010/02/09 v2.5 Base part for package epstopdf

(/nfs/kris/d1/local_net2/texlive/2010/texmf-dist/tex/latex/oberdiek/grfext.sty
Package: grfext 2010/08/19 v1.1 Managing graphics extensions (HO)
)
Package grfext Info: Graphics extension search list:
(grfext)             [.png,.pdf,.jpg,.mps,.jpeg,.jbig2,.jb2,.PNG,.PDF,.JPG,.JPE
G,.JBIG2,.JB2,.eps]
(grfext)             \AppendGraphicsExtensions on input line 452.

(/nfs/kris/d1/local_net2/texlive/2010/texmf-dist/tex/latex/latexconfig/epstopdf
-sys.cfg
File: epstopdf-sys.cfg 2010/07/13 v1.3 Configuration of (r)epstopdf for TeX Liv
e
)) ABD: EveryShipout initializing macros
\AtBeginShipoutBox=\box83
Package hyperref Info: Link coloring OFF on input line 120.

(/nfs/kris/d1/local_net2/texlive/2010/texmf-dist/tex/latex/hyperref/nameref.sty
Package: nameref 2010/04/30 v2.40 Cross-referencing by name of section

(/nfs/kris/d1/local_net2/texlive/2010/texmf-dist/tex/generic/oberdiek/gettitles
tring.sty
Package: gettitlestring 2010/12/03 v1.4 Cleanup title references (HO)
)
\c@section@level=\count179
)
LaTeX Info: Redefining \ref on input line 120.
LaTeX Info: Redefining \pageref on input line 120.
LaTeX Info: Redefining \nameref on input line 120.
 (./DEC_Template.out) (./DEC_Template.out)
\@outlinefile=\write5
\openout5 = `DEC_Template.out'.

LaTeX Font Info:    Overwriting symbol font `operators' in version `normal'
(Font)                  OT1/cmr/m/n --> OT1/cmss/m/n on input line 120.
LaTeX Font Info:    Overwriting symbol font `operators' in version `bold'
(Font)                  OT1/cmr/bx/n --> OT1/cmss/bx/n on input line 120.
\symnumbers=\mathgroup7
\sympureletters=\mathgroup8
LaTeX Font Info:    Overwriting math alphabet `\mathrm' in version `normal'
(Font)                  OT1/cmss/m/n --> OT1/cmr/m/n on input line 120.
LaTeX Font Info:    Redeclaring math alphabet \mathbf on input line 120.
LaTeX Font Info:    Overwriting math alphabet `\mathbf' in version `normal'
(Font)                  OT1/cmr/bx/n --> OT1/cmss/bx/n on input line 120.
LaTeX Font Info:    Overwriting math alphabet `\mathbf' in version `bold'
(Font)                  OT1/cmr/bx/n --> OT1/cmss/bx/n on input line 120.
LaTeX Font Info:    Redeclaring math alphabet \mathsf on input line 120.
LaTeX Font Info:    Overwriting math alphabet `\mathsf' in version `normal'
(Font)                  OT1/cmss/m/n --> OT1/cmss/m/n on input line 120.
LaTeX Font Info:    Overwriting math alphabet `\mathsf' in version `bold'
(Font)                  OT1/cmss/bx/n --> OT1/cmss/m/n on input line 120.
LaTeX Font Info:    Redeclaring math alphabet \mathit on input line 120.
LaTeX Font Info:    Overwriting math alphabet `\mathit' in version `normal'
(Font)                  OT1/cmr/m/it --> OT1/cmss/m/it on input line 120.
LaTeX Font Info:    Overwriting math alphabet `\mathit' in version `bold'
(Font)                  OT1/cmr/bx/it --> OT1/cmss/m/it on input line 120.
LaTeX Font Info:    Redeclaring math alphabet \mathtt on input line 120.
LaTeX Font Info:    Overwriting math alphabet `\mathtt' in version `normal'
(Font)                  OT1/cmtt/m/n --> OT1/cmtt/m/n on input line 120.
LaTeX Font Info:    Overwriting math alphabet `\mathtt' in version `bold'
(Font)                  OT1/cmtt/m/n --> OT1/cmtt/m/n on input line 120.
LaTeX Font Info:    Overwriting symbol font `numbers' in version `bold'
(Font)                  OT1/cmss/m/n --> OT1/cmss/bx/n on input line 120.
LaTeX Font Info:    Overwriting symbol font `pureletters' in version `bold'
(Font)                  OT1/cmss/m/it --> OT1/cmss/bx/it on input line 120.
LaTeX Font Info:    Overwriting math alphabet `\mathrm' in version `bold'
(Font)                  OT1/cmss/bx/n --> OT1/cmr/bx/n on input line 120.
LaTeX Font Info:    Overwriting math alphabet `\mathbf' in version `bold'
(Font)                  OT1/cmss/bx/n --> OT1/cmss/bx/n on input line 120.
LaTeX Font Info:    Overwriting math alphabet `\mathsf' in version `bold'
(Font)                  OT1/cmss/m/n --> OT1/cmss/bx/n on input line 120.
LaTeX Font Info:    Overwriting math alphabet `\mathit' in version `bold'
(Font)                  OT1/cmss/m/it --> OT1/cmss/bx/it on input line 120.
LaTeX Font Info:    Overwriting math alphabet `\mathtt' in version `bold'
(Font)                  OT1/cmtt/m/n --> OT1/cmtt/bx/n on input line 120.

(/nfs/kris/d1/local_net2/texlive/2010/texmf-dist/tex/latex/beamer/translator/di
cts/translator-basic-dictionary/translator-basic-dictionary-English.dict
Dictionary: translator-basic-dictionary, Language: English 
)
(/nfs/kris/d1/local_net2/texlive/2010/texmf-dist/tex/latex/beamer/translator/di
cts/translator-bibliography-dictionary/translator-bibliography-dictionary-Engli
sh.dict
Dictionary: translator-bibliography-dictionary, Language: English 
)
(/nfs/kris/d1/local_net2/texlive/2010/texmf-dist/tex/latex/beamer/translator/di
cts/translator-environment-dictionary/translator-environment-dictionary-English
.dict
Dictionary: translator-environment-dictionary, Language: English 
)
(/nfs/kris/d1/local_net2/texlive/2010/texmf-dist/tex/latex/beamer/translator/di
cts/translator-months-dictionary/translator-months-dictionary-English.dict
Dictionary: translator-months-dictionary, Language: English 
)
(/nfs/kris/d1/local_net2/texlive/2010/texmf-dist/tex/latex/beamer/translator/di
cts/translator-numbers-dictionary/translator-numbers-dictionary-English.dict
Dictionary: translator-numbers-dictionary, Language: English 
)
(/nfs/kris/d1/local_net2/texlive/2010/texmf-dist/tex/latex/beamer/translator/di
cts/translator-theorem-dictionary/translator-theorem-dictionary-English.dict
Dictionary: translator-theorem-dictionary, Language: English 
)
Package caption Info: Begin \AtBeginDocument code.
Package caption3 Info: subfig package 1.2 or 1.3 is loaded.
LaTeX Info: Redefining \subref on input line 120.
Package caption Info: wrapfig package is loaded.
Package caption Info: End \AtBeginDocument code.

(./DEC_Template.nav)
Overfull \hbox (2.11946pt too wide) in paragraph at lines 120--120
[][][][]  
 []

<./figs/utias_logo_blue.jpg, id=159, 651.8754pt x 826.7688pt>
File: ./figs/utias_logo_blue.jpg Graphic file (type jpg)

<use ./figs/utias_logo_blue.jpg>
Package pdftex.def Info: ./figs/utias_logo_blue.jpg used on input line 129.
(pdftex.def)             Requested size: 32.32068pt x 40.98763pt.
 [1

{/nfs/kris/d1/local_net2/texlive/2010/texmf-var/fonts/map/pdftex/updmap/pdftex.
map} <./figs/utias_logo_blue.jpg>]
LaTeX Font Info:    Try loading font information for OMS+cmss on input line 188
.
LaTeX Font Info:    No file OMScmss.fd. on input line 188.


LaTeX Font Warning: Font shape `OMS/cmss/m/n' undefined
(Font)              using `OMS/cmsy/m/n' instead
(Font)              for symbol `textbullet' on input line 188.

LaTeX Font Info:    Try loading font information for U+msa on input line 188.
(/nfs/kris/d1/local_net2/texlive/2010/texmf-dist/tex/latex/amsfonts/umsa.fd
File: umsa.fd 2009/06/22 v3.00 AMS symbols A
)
LaTeX Font Info:    Try loading font information for U+msb on input line 188.

(/nfs/kris/d1/local_net2/texlive/2010/texmf-dist/tex/latex/amsfonts/umsb.fd
File: umsb.fd 2009/06/22 v3.00 AMS symbols B
)
LaTeX Font Info:    Try loading font information for U+esint on input line 188.


(/nfs/kris/d1/local_net2/texlive/2010/texmf-dist/tex/latex/esint/uesint.fd
File: uesint.fd 
)
<./figs/MooresLaw.png, id=171, 1218.5525pt x 818.05624pt>
File: ./figs/MooresLaw.png Graphic file (type png)

<use ./figs/MooresLaw.png>
Package pdftex.def Info: ./figs/MooresLaw.png used on input line 188.
(pdftex.def)             Requested size: 222.08183pt x 136.64938pt.

<./figs/utias-logo2.jpg, id=175, 441.43297pt x 552.1428pt>
File: ./figs/utias-logo2.jpg Graphic file (type jpg)

<use ./figs/utias-logo2.jpg>
Package pdftex.def Info: ./figs/utias-logo2.jpg used on input line 188.
(pdftex.def)             Requested size: 28.45166pt x 28.45125pt.

Overfull \vbox (3.8672pt too high) detected at line 188
 []


LaTeX Font Warning: Font shape `OT1/cmss/m/n' in size <4> not available
(Font)              size <5> substituted on input line 188.


Overfull \hbox (2.11946pt too wide) has occurred while \output is active
[][][][] 
 []

[2

 <./figs/MooresLaw.png (PNG copy)> <./figs/utias-logo2.jpg>]
<./figs/dlrflame.png, id=218, 110.4125pt x 281.05pt>
File: ./figs/dlrflame.png Graphic file (type png)
 <use ./figs/dlrflame.png>
Package pdftex.def Info: ./figs/dlrflame.png used on input line 220.
(pdftex.def)             Requested size: 47.97176pt x 122.1126pt.
File: ./figs/utias-logo2.jpg Graphic file (type jpg)

<use ./figs/utias-logo2.jpg>
Package pdftex.def Info: ./figs/utias-logo2.jpg used on input line 220.
(pdftex.def)             Requested size: 28.45166pt x 28.45125pt.

Overfull \hbox (2.11946pt too wide) has occurred while \output is active
[][][][] 
 []

[3

 <./figs/dlrflame.png (PNG copy)>]
<./figs/Temperatures.png, id=244, 488.82625pt x 377.41pt>
File: ./figs/Temperatures.png Graphic file (type png)

<use ./figs/Temperatures.png>
Package pdftex.def Info: ./figs/Temperatures.png used on input line 238.
(pdftex.def)             Requested size: 150.83533pt x 116.45456pt.

<./figs/Temp_DNS_LES2.png, id=245, 492.84125pt x 400.49625pt>
File: ./figs/Temp_DNS_LES2.png Graphic file (type png)

<use ./figs/Temp_DNS_LES2.png>
Package pdftex.def Info: ./figs/Temp_DNS_LES2.png used on input line 238.
(pdftex.def)             Requested size: 140.06067pt x 113.81873pt.

Overfull \hbox (0.15337pt too wide) in paragraph at lines 238--238
 [][] 
 []

File: ./figs/utias-logo2.jpg Graphic file (type jpg)
<use ./figs/utias-logo2.jpg>
Package pdftex.def Info: ./figs/utias-logo2.jpg used on input line 238.
(pdftex.def)             Requested size: 28.45166pt x 28.45125pt.

Overfull \hbox (2.11946pt too wide) has occurred while \output is active
[][][][] 
 []

[4

 <./figs/Temperatures.png> <./figs/Temp_DNS_LES2.png>]
File: ./figs/utias-logo2.jpg Graphic file (type jpg)

<use ./figs/utias-logo2.jpg>
Package pdftex.def Info: ./figs/utias-logo2.jpg used on input line 262.
(pdftex.def)             Requested size: 28.45166pt x 28.45125pt.

Overfull \hbox (2.11946pt too wide) has occurred while \output is active
[][][][] 
 []

[5

] <./figs/BlockDivision.jpg, id=299, 1061.9675pt x 737.75626pt>
File: ./figs/BlockDivision.jpg Graphic file (type jpg)

<use ./figs/BlockDivision.jpg>
Package pdftex.def Info: ./figs/BlockDivision.jpg used on input line 296.
(pdftex.def)             Requested size: 215.48pt x 149.6875pt.

Overfull \hbox (3.99997pt too wide) in paragraph at lines 296--296
[][]  
 []

File: ./figs/utias-logo2.jpg Graphic file (type jpg)
<use ./figs/utias-logo2.jpg>
Package pdftex.def Info: ./figs/utias-logo2.jpg used on input line 296.
(pdftex.def)             Requested size: 28.45166pt x 28.45125pt.

Overfull \vbox (9.7375pt too high) detected at line 296
 []


Overfull \hbox (2.11946pt too wide) has occurred while \output is active
[][][][] 
 []

[6

 <./figs/BlockDivision.jpg>]
<./figs/flagged_cells.jpg, id=330, 579.96675pt x 579.96675pt>
File: ./figs/flagged_cells.jpg Graphic file (type jpg)

<use ./figs/flagged_cells.jpg>
Package pdftex.def Info: ./figs/flagged_cells.jpg used on input line 333.
(pdftex.def)             Requested size: 73.04869pt x 73.04433pt.

<./figs/cell-based-refine.jpg, id=332, 579.96675pt x 579.96675pt>
File: ./figs/cell-based-refine.jpg Graphic file (type jpg)

<use ./figs/cell-based-refine.jpg>
Package pdftex.def Info: ./figs/cell-based-refine.jpg used on input line 333.
(pdftex.def)             Requested size: 73.04869pt x 73.04433pt.

<./figs/patch-based_refine.jpg, id=334, 579.96675pt x 579.96675pt>
File: ./figs/patch-based_refine.jpg Graphic file (type jpg)

<use ./figs/patch-based_refine.jpg>
Package pdftex.def Info: ./figs/patch-based_refine.jpg used on input line 333.
(pdftex.def)             Requested size: 73.04869pt x 73.04433pt.

<./figs/block-based.jpg, id=336, 583.58025pt x 583.58025pt>
File: ./figs/block-based.jpg Graphic file (type jpg)

<use ./figs/block-based.jpg>
Package pdftex.def Info: ./figs/block-based.jpg used on input line 333.
(pdftex.def)             Requested size: 73.04869pt x 73.04529pt.

Overfull \hbox (1.45213pt too wide) in paragraph at lines 333--333
 [][][][] 
 []


Overfull \hbox (3.99997pt too wide) in paragraph at lines 333--333
[][]  
 []

File: ./figs/utias-logo2.jpg Graphic file (type jpg)
<use ./figs/utias-logo2.jpg>
Package pdftex.def Info: ./figs/utias-logo2.jpg used on input line 333.
(pdftex.def)             Requested size: 28.45166pt x 28.45125pt.

Overfull \vbox (9.7375pt too high) detected at line 333
 []


Overfull \hbox (2.11946pt too wide) has occurred while \output is active
[][][][] 
 []

[7

 <./figs/flagged_cells.jpg> <./figs/cell-based-refine.jpg> <./figs/patch-based_
refine.jpg> <./figs/block-based.jpg>]pdfTeX warning (ext4): destination with th
e same identifier (name{fig:cubeAMRbased}) has been already used, duplicate ign
ored
<to be read again> 
                   \relax 
l.367 \end{frame}
                 
<./figs/shockCubeAniso3.jpg, id=370, 792.9625pt x 705.63625pt>
File: ./figs/shockCubeAniso3.jpg Graphic file (type jpg)

<use ./figs/shockCubeAniso3.jpg>
Package pdftex.def Info: ./figs/shockCubeAniso3.jpg used on input line 367.
(pdftex.def)             Requested size: 129.2893pt x 115.04675pt.

<./figs/shockCubeIso3.jpg, id=372, 792.9625pt x 705.63625pt>
File: ./figs/shockCubeIso3.jpg Graphic file (type jpg)

<use ./figs/shockCubeIso3.jpg>
Package pdftex.def Info: ./figs/shockCubeIso3.jpg used on input line 367.
(pdftex.def)             Requested size: 129.2893pt x 115.04675pt.

Overfull \hbox (3.99997pt too wide) in paragraph at lines 367--367
[][]  
 []

File: ./figs/utias-logo2.jpg Graphic file (type jpg)
<use ./figs/utias-logo2.jpg>
Package pdftex.def Info: ./figs/utias-logo2.jpg used on input line 367.
(pdftex.def)             Requested size: 28.45166pt x 28.45125pt.

Overfull \vbox (9.7375pt too high) detected at line 367
 []


Overfull \hbox (2.11946pt too wide) has occurred while \output is active
[][][][] 
 []

[8

 <./figs/shockCubeAniso3.jpg> <./figs/shockCubeIso3.jpg>]
<./figs/ghostblock.png, id=400, 683.55376pt x 554.07pt>
File: ./figs/ghostblock.png Graphic file (type png)

<use ./figs/ghostblock.png>
Package pdftex.def Info: ./figs/ghostblock.png used on input line 403.
(pdftex.def)             Requested size: 86.19067pt x 69.85884pt.
Package epstopdf Info: Source file: <./figs/parallel-domain-decomp.eps>
(epstopdf)                    date: 2015-03-25 19:14:52
(epstopdf)                    size: 1621555 bytes
(epstopdf)             Output file: <./figs/parallel-domain-decomp-eps-converte
d-to.pdf>
(epstopdf)                    date: 2015-03-25 19:14:52
(epstopdf)                    size: 51705 bytes
(epstopdf)             Command: <repstopdf --outfile=./figs/parallel-domain-dec
omp-eps-converted-to.pdf ./figs/parallel-domain-decomp.eps>
(epstopdf)             \includegraphics on input line 403.
Package epstopdf Info: Output file is already uptodate.

<./figs/parallel-domain-decomp-eps-converted-to.pdf, id=402, 490.83376pt x 327.
2225pt>
File: ./figs/parallel-domain-decomp-eps-converted-to.pdf Graphic file (type pdf
)
 <use ./figs/parallel-domain-decomp-eps-converted-to.pdf>
Package pdftex.def Info: ./figs/parallel-domain-decomp-eps-converted-to.pdf use
d on input line 403.
(pdftex.def)             Requested size: 86.19067pt x 57.45952pt.

<./figs/Non-UniformBlock.png, id=404, 1138.2525pt x 829.0975pt>
File: ./figs/Non-UniformBlock.png Graphic file (type png)

<use ./figs/Non-UniformBlock.png>
Package pdftex.def Info: ./figs/Non-UniformBlock.png used on input line 403.
(pdftex.def)             Requested size: 118.51465pt x 93.31372pt.

Overfull \hbox (3.99997pt too wide) in paragraph at lines 403--403
[][]  
 []

File: ./figs/utias-logo2.jpg Graphic file (type jpg)
<use ./figs/utias-logo2.jpg>
Package pdftex.def Info: ./figs/utias-logo2.jpg used on input line 403.
(pdftex.def)             Requested size: 28.45166pt x 28.45125pt.

Overfull \vbox (9.7375pt too high) detected at line 403
 []


Overfull \hbox (2.11946pt too wide) has occurred while \output is active
[][][][] 
 []

[9

 <./figs/ghostblock.png (PNG copy)> <./figs/parallel-domain-decomp-eps-converte
d-to.pdf> <./figs/Non-UniformBlock.png>]
Overfull \hbox (7.29996pt too wide) in paragraph at lines 454--454
[][]  
 []

File: ./figs/utias-logo2.jpg Graphic file (type jpg)
<use ./figs/utias-logo2.jpg>
Package pdftex.def Info: ./figs/utias-logo2.jpg used on input line 454.
(pdftex.def)             Requested size: 28.45166pt x 28.45125pt.

Overfull \vbox (16.33751pt too high) detected at line 454
 []


Overfull \hbox (2.11946pt too wide) has occurred while \output is active
[][][][] 
 []

[10

] <./figs/fig_quadpts.png, id=467, 666.49pt x 576.1525pt>
File: ./figs/fig_quadpts.png Graphic file (type png)

<use ./figs/fig_quadpts.png>
Package pdftex.def Info: ./figs/fig_quadpts.png used on input line 487.
(pdftex.def)             Requested size: 114.20413pt x 98.71826pt.

<./figs/error_ho_amr3.jpg, id=469, 782.17218pt x 595.47469pt>
File: ./figs/error_ho_amr3.jpg Graphic file (type jpg)

<use ./figs/error_ho_amr3.jpg>
Package pdftex.def Info: ./figs/error_ho_amr3.jpg used on input line 487.
(pdftex.def)             Requested size: 129.2893pt x 98.4308pt.

Overfull \hbox (5.33331pt too wide) in paragraph at lines 487--487
[][]  
 []

File: ./figs/utias-logo2.jpg Graphic file (type jpg)
<use ./figs/utias-logo2.jpg>
Package pdftex.def Info: ./figs/utias-logo2.jpg used on input line 487.
(pdftex.def)             Requested size: 28.45166pt x 28.45125pt.

Overfull \vbox (12.2375pt too high) detected at line 487
 []


Overfull \hbox (2.11946pt too wide) has occurred while \output is active
[][][][] 
 []

[11

pdfTeX warning (ext4): destination with the same identifier (name{fig:errorHO})
 has been already used, duplicate ignored

\@EveryShipout@Output ...@Org@Shipout \box \@cclv 
                                                  
l.487 \end{frame}
                  <./figs/fig_quadpts.png> <./figs/error_ho_amr3.jpg>]
File: ./figs/utias-logo2.jpg Graphic file (type jpg)

<use ./figs/utias-logo2.jpg>
Package pdftex.def Info: ./figs/utias-logo2.jpg used on input line 533.
(pdftex.def)             Requested size: 28.45166pt x 28.45125pt.

Overfull \vbox (6.2375pt too high) detected at line 533
 []


Overfull \hbox (2.11946pt too wide) has occurred while \output is active
[][][][] 
 []

[12

] <./figs/Error.png, id=514, 1059.96pt x 797.98125pt>
File: ./figs/Error.png Graphic file (type png)

<use ./figs/Error.png>
Package pdftex.def Info: ./figs/Error.png used on input line 558.
(pdftex.def)             Requested size: 247.16597pt x 186.0751pt.

Overfull \hbox (5.33331pt too wide) in paragraph at lines 558--558
[][]  
 []

File: ./figs/utias-logo2.jpg Graphic file (type jpg)
<use ./figs/utias-logo2.jpg>
Package pdftex.def Info: ./figs/utias-logo2.jpg used on input line 558.
(pdftex.def)             Requested size: 28.45166pt x 28.45125pt.

Overfull \vbox (16.33751pt too high) detected at line 558
 []


Overfull \hbox (2.11946pt too wide) has occurred while \output is active
[][][][] 
 []

[13

 <./figs/Error.png>]
File: ./figs/utias-logo2.jpg Graphic file (type jpg)
 <use ./figs/utias-logo2.jpg>
Package pdftex.def Info: ./figs/utias-logo2.jpg used on input line 592.
(pdftex.def)             Requested size: 28.45166pt x 28.45125pt.

Overfull \hbox (2.11946pt too wide) has occurred while \output is active
[][][][] 
 []

[14

]
File: ./figs/utias-logo2.jpg Graphic file (type jpg)
 <use ./figs/utias-logo2.jpg>
Package pdftex.def Info: ./figs/utias-logo2.jpg used on input line 621.
(pdftex.def)             Requested size: 28.45166pt x 28.45125pt.

Overfull \hbox (2.11946pt too wide) has occurred while \output is active
[][][][] 
 []

[15

]
File: ./figs/utias-logo2.jpg Graphic file (type jpg)
 <use ./figs/utias-logo2.jpg>
Package pdftex.def Info: ./figs/utias-logo2.jpg used on input line 643.
(pdftex.def)             Requested size: 28.45166pt x 28.45125pt.

Overfull \hbox (2.11946pt too wide) has occurred while \output is active
[][][][] 
 []

[16

] <./figs/outflowIso.png, id=605, 745.78625pt x 664.4825pt>
File: ./figs/outflowIso.png Graphic file (type png)

<use ./figs/outflowIso.png>
Package pdftex.def Info: ./figs/outflowIso.png used on input line 672.
(pdftex.def)             Requested size: 96.96533pt x 86.38574pt.

<./figs/outflowAniso.png, id=607, 745.78625pt x 664.4825pt>
File: ./figs/outflowAniso.png Graphic file (type png)

<use ./figs/outflowAniso.png>
Package pdftex.def Info: ./figs/outflowAniso.png used on input line 672.
(pdftex.def)             Requested size: 96.96533pt x 86.38574pt.

<./figs/outflowError.png, id=609, 745.78625pt x 664.4825pt>
File: ./figs/outflowError.png Graphic file (type png)

<use ./figs/outflowError.png>
Package pdftex.def Info: ./figs/outflowError.png used on input line 672.
(pdftex.def)             Requested size: 96.96533pt x 86.38574pt.

Overfull \hbox (5.33331pt too wide) in paragraph at lines 672--672
[][]  
 []

File: ./figs/utias-logo2.jpg Graphic file (type jpg)
<use ./figs/utias-logo2.jpg>
Package pdftex.def Info: ./figs/utias-logo2.jpg used on input line 672.
(pdftex.def)             Requested size: 28.45166pt x 28.45125pt.

Overfull \vbox (12.2375pt too high) detected at line 672
 []


Overfull \hbox (2.11946pt too wide) has occurred while \output is active
[][][][] 
 []

[17

 <./figs/outflowIso.png (PNG copy)> <./figs/outflowAniso.png (PNG copy)> <./fig
s/outflowError.png (PNG copy)>]
File: ./figs/utias-logo2.jpg Graphic file (type jpg)
 <use ./figs/utias-logo2.jpg>
Package pdftex.def Info: ./figs/utias-logo2.jpg used on input line 700.
(pdftex.def)             Requested size: 28.45166pt x 28.45125pt.

Overfull \hbox (2.11946pt too wide) has occurred while \output is active
[][][][] 
 []

[18

]
File: ./figs/utias-logo2.jpg Graphic file (type jpg)
 <use ./figs/utias-logo2.jpg>
Package pdftex.def Info: ./figs/utias-logo2.jpg used on input line 744.
(pdftex.def)             Requested size: 28.45166pt x 28.45125pt.

Overfull \hbox (2.11946pt too wide) has occurred while \output is active
[][][][] 
 []

[19

]
Overfull \hbox (5.33331pt too wide) in paragraph at lines 785--785
[][]  
 []

File: ./figs/utias-logo2.jpg Graphic file (type jpg)
<use ./figs/utias-logo2.jpg>
Package pdftex.def Info: ./figs/utias-logo2.jpg used on input line 785.
(pdftex.def)             Requested size: 28.45166pt x 28.45125pt.

Overfull \vbox (12.2375pt too high) detected at line 785
 []


Overfull \hbox (2.11946pt too wide) has occurred while \output is active
[][][][] 
 []

[20

]
File: ./figs/utias-logo2.jpg Graphic file (type jpg)
 <use ./figs/utias-logo2.jpg>
Package pdftex.def Info: ./figs/utias-logo2.jpg used on input line 816.
(pdftex.def)             Requested size: 28.45166pt x 28.45125pt.

Overfull \hbox (2.11946pt too wide) has occurred while \output is active
[][][][] 
 []

[21

]
Missing character: There is no  in font cmss8!
Missing character: There is no  in font cmss8!
File: ./figs/utias-logo2.jpg Graphic file (type jpg)
 <use ./figs/utias-logo2.jpg>
Package pdftex.def Info: ./figs/utias-logo2.jpg used on input line 835.
(pdftex.def)             Requested size: 28.45166pt x 28.45125pt.

Overfull \hbox (2.11946pt too wide) has occurred while \output is active
[][][][] 
 []

[22

] <./figs/LAV_adj_err.png, id=746, 1377.145pt x 492.84125pt>
File: ./figs/LAV_adj_err.png Graphic file (type png)

<use ./figs/LAV_adj_err.png>
Package pdftex.def Info: ./figs/LAV_adj_err.png used on input line 874.
(pdftex.def)             Requested size: 137.90706pt x 49.34717pt.

<./figs/LAV_mesh.png, id=748, 759.83875pt x 540.0175pt>
File: ./figs/LAV_mesh.png Graphic file (type png)

<use ./figs/LAV_mesh.png>
Package pdftex.def Info: ./figs/LAV_mesh.png used on input line 874.
(pdftex.def)             Requested size: 152.99223pt x 108.7267pt.

Overfull \hbox (5.33331pt too wide) in paragraph at lines 874--874
[][]  
 []

File: ./figs/utias-logo2.jpg Graphic file (type jpg)
<use ./figs/utias-logo2.jpg>
Package pdftex.def Info: ./figs/utias-logo2.jpg used on input line 874.
(pdftex.def)             Requested size: 28.45166pt x 28.45125pt.

Overfull \vbox (16.33751pt too high) detected at line 874
 []


Overfull \hbox (2.11946pt too wide) has occurred while \output is active
[][][][] 
 []

[23

 <./figs/LAV_adj_err.png (PNG copy)> <./figs/LAV_mesh.png (PNG copy)>]
<./figs/Poisson2D.png, id=776, 560.0925pt x 472.6458pt>
File: ./figs/Poisson2D.png Graphic file (type png)

<use ./figs/Poisson2D.png>
Package pdftex.def Info: ./figs/Poisson2D.png used on input line 907.
(pdftex.def)             Requested size: 150.83533pt x 127.28432pt.

<./figs/3D_Poisson.png, id=777, 1184.425pt x 1052.93375pt>
File: ./figs/3D_Poisson.png Graphic file (type png)

<use ./figs/3D_Poisson.png>
Package pdftex.def Info: ./figs/3D_Poisson.png used on input line 907.
(pdftex.def)             Requested size: 150.83533pt x 126.82854pt.

Overfull \hbox (79.44304pt too wide) in paragraph at lines 907--907
[][]  
 []

File: ./figs/utias-logo2.jpg Graphic file (type jpg)
<use ./figs/utias-logo2.jpg>
Package pdftex.def Info: ./figs/utias-logo2.jpg used on input line 907.
(pdftex.def)             Requested size: 28.45166pt x 28.45125pt.

Overfull \hbox (2.11946pt too wide) has occurred while \output is active
[][][][] 
 []

[24

 <./figs/3D_Poisson.png (PNG copy)> <./figs/Poisson2D.png>]
<./figs/Flame_temp.png, id=807, 794.97pt x 705.63625pt>
File: ./figs/Flame_temp.png Graphic file (type png)

<use ./figs/Flame_temp.png>
Package pdftex.def Info: ./figs/Flame_temp.png used on input line 949.
(pdftex.def)             Requested size: 45.25224pt x 58.29585pt.

<./figs/fsd2_0ms.png, id=809, 1178.4025pt x 1067.99pt>
File: ./figs/fsd2_0ms.png Graphic file (type png)

<use ./figs/fsd2_0ms.png>
Package pdftex.def Info: ./figs/fsd2_0ms.png used on input line 949.
(pdftex.def)             Requested size: 64.64465pt x 58.58481pt.

<./figs/fsd4_25ms.png, id=811, 1178.4025pt x 1072.005pt>
File: ./figs/fsd4_25ms.png Graphic file (type png)

<use ./figs/fsd4_25ms.png>
Package pdftex.def Info: ./figs/fsd4_25ms.png used on input line 949.
(pdftex.def)             Requested size: 64.64465pt x 58.80505pt.

<./figs/fsd7_0ms.png, id=813, 1178.4025pt x 1073.00874pt>
File: ./figs/fsd7_0ms.png Graphic file (type png)

<use ./figs/fsd7_0ms.png>
Package pdftex.def Info: ./figs/fsd7_0ms.png used on input line 949.
(pdftex.def)             Requested size: 64.64465pt x 58.8601pt.

<./figs/Time_averaged_c_O2.png, id=815, 794.97pt x 705.63625pt>
File: ./figs/Time_averaged_c_O2.png Graphic file (type png)

<use ./figs/Time_averaged_c_O2.png>
Package pdftex.def Info: ./figs/Time_averaged_c_O2.png used on input line 949.
(pdftex.def)             Requested size: 53.87pt x 58.924pt.

Overfull \hbox (2.31357pt too wide) in paragraph at lines 949--949
 [][][][][] 
 []


Overfull \hbox (5.33331pt too wide) in paragraph at lines 949--949
[]  
 []

File: ./figs/utias-logo2.jpg Graphic file (type jpg)
<use ./figs/utias-logo2.jpg>
Package pdftex.def Info: ./figs/utias-logo2.jpg used on input line 949.
(pdftex.def)             Requested size: 28.45166pt x 28.45125pt.

Overfull \vbox (31.2375pt too high) detected at line 949
 []


Overfull \hbox (2.11946pt too wide) has occurred while \output is active
[][][][] 
 []

[25

 <./figs/Flame_temp.png (PNG copy)> <./figs/fsd2_0ms.png (PNG copy)> <./figs/fs
d4_25ms.png (PNG copy)> <./figs/fsd7_0ms.png (PNG copy)> <./figs/Time_averaged_
c_O2.png (PNG copy)>] <./figs/20Rho.png, id=850, 794.97pt x 705.63625pt>
File: ./figs/20Rho.png Graphic file (type png)

<use ./figs/20Rho.png>
Package pdftex.def Info: ./figs/20Rho.png used on input line 981.
(pdftex.def)             Requested size: 140.06067pt x 124.31726pt.
 <./figs/20RhoAdj.png, id=852, 794.97pt x 705.63625pt>
File: ./figs/20RhoAdj.png Graphic file (type png)

<use ./figs/20RhoAdj.png>
Package pdftex.def Info: ./figs/20RhoAdj.png used on input line 981.
(pdftex.def)             Requested size: 140.06067pt x 124.31726pt.

Overfull \hbox (7.29996pt too wide) in paragraph at lines 981--981
[][]  
 []

File: ./figs/utias-logo2.jpg Graphic file (type jpg)
<use ./figs/utias-logo2.jpg>
Package pdftex.def Info: ./figs/utias-logo2.jpg used on input line 981.
(pdftex.def)             Requested size: 28.45166pt x 28.45125pt.

Overfull \vbox (16.33751pt too high) detected at line 981
 []


Overfull \hbox (2.11946pt too wide) has occurred while \output is active
[][][][] 
 []

[26

 <./figs/20Rho.png (PNG copy)> <./figs/20RhoAdj.png (PNG copy)>]
Overfull \hbox (5.33331pt too wide) in paragraph at lines 1017--1017
[][]  
 []

File: ./figs/utias-logo2.jpg Graphic file (type jpg)
<use ./figs/utias-logo2.jpg>
Package pdftex.def Info: ./figs/utias-logo2.jpg used on input line 1017.
(pdftex.def)             Requested size: 28.45166pt x 28.45125pt.

Overfull \vbox (12.2375pt too high) detected at line 1017
 []


Overfull \hbox (2.11946pt too wide) has occurred while \output is active
[][][][] 
 []

[27

]
Overfull \hbox (5.33331pt too wide) in paragraph at lines 1060--1060
[][]  
 []

File: ./figs/utias-logo2.jpg Graphic file (type jpg)
<use ./figs/utias-logo2.jpg>
Package pdftex.def Info: ./figs/utias-logo2.jpg used on input line 1060.
(pdftex.def)             Requested size: 28.45166pt x 28.45125pt.

Overfull \vbox (12.2375pt too high) detected at line 1060
 []


Overfull \hbox (2.11946pt too wide) has occurred while \output is active
[][][][] 
 []

[28

]
File: ./figs/utias-logo2.jpg Graphic file (type jpg)
 <use ./figs/utias-logo2.jpg>
Package pdftex.def Info: ./figs/utias-logo2.jpg used on input line 1070.
(pdftex.def)             Requested size: 28.45166pt x 28.45125pt.

Overfull \hbox (2.11946pt too wide) has occurred while \output is active
[][][][] 
 []

[29

]

Package hyperref Warning: Token not allowed in a PDF string (PDFDocEncoding):
(hyperref)                removing `\translate ' on input line 1074.

\c@finalframe=\count180
Missing character: There is no  in font cmss8!
Missing character: There is no  in font cmss8!
Missing character: There is no  in font cmss8!
Missing character: There is no  in font cmss8!
Missing character: There is no  in font cmss8!
Missing character: There is no  in font cmss8!

Overfull \hbox (7.29996pt too wide) in paragraph at lines 1109--1109
[][]  
 []

File: ./figs/utias-logo2.jpg Graphic file (type jpg)
<use ./figs/utias-logo2.jpg>
Package pdftex.def Info: ./figs/utias-logo2.jpg used on input line 1109.
(pdftex.def)             Requested size: 28.45166pt x 28.45125pt.

Overfull \vbox (16.33751pt too high) detected at line 1109
 []


Overfull \hbox (2.11946pt too wide) has occurred while \output is active
[][][][] 
 []

[30

] <./figs/rho_mesh.png, id=959, 794.97pt x 705.63625pt>
File: ./figs/rho_mesh.png Graphic file (type png)

<use ./figs/rho_mesh.png>
Package pdftex.def Info: ./figs/rho_mesh.png used on input line 1143.
(pdftex.def)             Requested size: 140.06067pt x 124.31726pt.

<./figs/rhoAdj_mesh.png, id=961, 794.97pt x 705.63625pt>
File: ./figs/rhoAdj_mesh.png Graphic file (type png)

<use ./figs/rhoAdj_mesh.png>
Package pdftex.def Info: ./figs/rhoAdj_mesh.png used on input line 1143.
(pdftex.def)             Requested size: 140.06067pt x 124.31726pt.

Overfull \hbox (7.29996pt too wide) in paragraph at lines 1143--1143
[][]  
 []

File: ./figs/utias-logo2.jpg Graphic file (type jpg)
<use ./figs/utias-logo2.jpg>
Package pdftex.def Info: ./figs/utias-logo2.jpg used on input line 1143.
(pdftex.def)             Requested size: 28.45166pt x 28.45125pt.

Overfull \vbox (16.33751pt too high) detected at line 1143
 []


Overfull \hbox (2.11946pt too wide) has occurred while \output is active
[][][][] 
 []

[31

 <./figs/rho_mesh.png (PNG copy)> <./figs/rhoAdj_mesh.png (PNG copy)>]
\tf@nav=\write6
\openout6 = `DEC_Template.nav'.

\tf@toc=\write7
\openout7 = `DEC_Template.toc'.

\tf@snm=\write8
\openout8 = `DEC_Template.snm'.

Package atveryend Info: Empty hook `BeforeClearDocument' on input line 1152.
Package atveryend Info: Empty hook `AfterLastShipout' on input line 1152.

(./DEC_Template.aux)
Package atveryend Info: Executing hook `AtVeryEndDocument' on input line 1152.
Package atveryend Info: Executing hook `AtEndAfterFileList' on input line 1152.

Package rerunfilecheck Info: File `DEC_Template.out' has not changed.
(rerunfilecheck)             Checksum: 40F834566436BC1B7D9FF7840E8BF157;2176.


LaTeX Font Warning: Size substitutions with differences
(Font)              up to 1.0pt have occurred.


LaTeX Font Warning: Some font shapes were not available, defaults substituted.


LaTeX Warning: There were multiply-defined labels.

Package atveryend Info: Empty hook `AtVeryVeryEnd' on input line 1152.
 ) 
Here is how much of TeX's memory you used:
 18423 strings out of 493763
 349118 string characters out of 3138789
 439454 words of memory out of 3000000
 21094 multiletter control sequences out of 15000+200000
 22609 words of font info for 89 fonts, out of 3000000 for 9000
 715 hyphenation exceptions out of 8191
 49i,18n,63p,2351b,937s stack positions out of 5000i,500n,10000p,200000b,50000s
</nfs/kris/d1/local_net2/texlive/2010/texmf-dist/fonts/type1/public/amsfonts/
cmextra/cmex7.pfb></nfs/kris/d1/local_net2/texlive/2010/texmf-dist/fonts/type1/
public/amsfonts/cmextra/cmex8.pfb></nfs/kris/d1/local_net2/texlive/2010/texmf-d
ist/fonts/type1/public/amsfonts/cm/cmmi5.pfb></nfs/kris/d1/local_net2/texlive/2
010/texmf-dist/fonts/type1/public/amsfonts/cm/cmmi6.pfb></nfs/kris/d1/local_net
2/texlive/2010/texmf-dist/fonts/type1/public/amsfonts/cm/cmmi8.pfb></nfs/kris/d
1/local_net2/texlive/2010/texmf-dist/fonts/type1/public/amsfonts/cm/cmr5.pfb></
nfs/kris/d1/local_net2/texlive/2010/texmf-dist/fonts/type1/public/amsfonts/cm/c
mr6.pfb></nfs/kris/d1/local_net2/texlive/2010/texmf-dist/fonts/type1/public/ams
fonts/cm/cmss10.pfb></nfs/kris/d1/local_net2/texlive/2010/texmf-dist/fonts/type
1/public/amsfonts/cm/cmss12.pfb></nfs/kris/d1/local_net2/texlive/2010/texmf-dis
t/fonts/type1/public/amsfonts/cm/cmss17.pfb></nfs/kris/d1/local_net2/texlive/20
10/texmf-dist/fonts/type1/public/amsfonts/cm/cmss8.pfb></nfs/kris/d1/local_net2
/texlive/2010/texmf-dist/fonts/type1/public/amsfonts/cm/cmssbx10.pfb></nfs/kris
/d1/local_net2/texlive/2010/texmf-dist/fonts/type1/public/amsfonts/cm/cmssi10.p
fb></nfs/kris/d1/local_net2/texlive/2010/texmf-dist/fonts/type1/public/amsfonts
/cm/cmssi12.pfb></nfs/kris/d1/local_net2/texlive/2010/texmf-dist/fonts/type1/pu
blic/amsfonts/cm/cmssi17.pfb></nfs/kris/d1/local_net2/texlive/2010/texmf-dist/f
onts/type1/public/amsfonts/cm/cmssi8.pfb></nfs/kris/d1/local_net2/texlive/2010/
texmf-dist/fonts/type1/public/amsfonts/cm/cmsy10.pfb></nfs/kris/d1/local_net2/t
exlive/2010/texmf-dist/fonts/type1/public/amsfonts/cm/cmsy5.pfb></nfs/kris/d1/l
ocal_net2/texlive/2010/texmf-dist/fonts/type1/public/amsfonts/cm/cmsy6.pfb></nf
s/kris/d1/local_net2/texlive/2010/texmf-dist/fonts/type1/public/amsfonts/cm/cms
y8.pfb></nfs/kris/d1/local_net2/texlive/2010/texmf-dist/fonts/type1/public/amsf
onts/cm/cmtt8.pfb></nfs/kris/d1/local_net2/texlive/2010/texmf-dist/fonts/type1/
public/esint-type1/esint10.pfb>
Output written on DEC_Template.pdf (31 pages, 5304218 bytes).
PDF statistics:
 1081 PDF objects out of 1200 (max. 8388607)
 937 compressed objects within 10 object streams
 146 named destinations out of 1000 (max. 500000)
 682 words of extra memory for PDF output out of 10000 (max. 10000000)

