This is pdfTeX, Version 3.14159265-2.6-1.40.15 (TeX Live 2014) (preloaded format=pdflatex 2014.12.10)  3 APR 2015 13:07
entering extended mode
 restricted \write18 enabled.
 %&-line parsing enabled.
**Final_DEC_Slides.tex
(./Final_DEC_Slides.tex
LaTeX2e <2014/05/01>
Babel <3.9l> and hyphenation patterns for 79 languages loaded.
(/usr/local/texlive/2014/texmf-dist/tex/latex/beamer/beamer.cls
(/usr/local/texlive/2014/texmf-dist/tex/latex/beamer/beamerbasercs.sty
Package: beamerbasercs 2013/12/25 (rcs-revision 31cc758a62ae)
)
Document Class: beamer 2013/12/02 3.33 A class for typesetting presentations (r
cs-revision 332bfd3ce558)
(/usr/local/texlive/2014/texmf-dist/tex/latex/beamer/beamerbasemodes.sty
Package: beamerbasemodes 2013/09/03 (rcs-revision 768f2d98ca64)
\beamer@tempbox=\box26
\beamer@tempcount=\count79
\c@beamerpauses=\count80

(/usr/local/texlive/2014/texmf-dist/tex/latex/beamer/beamerbasedecode.sty
Package: beamerbasedecode 2010/05/01 (rcs-revision efa082c6111d)
\beamer@slideinframe=\count81
\beamer@minimum=\count82
)
\beamer@commentbox=\box27
\beamer@modecount=\count83
)
(/usr/local/texlive/2014/texmf-dist/tex/generic/oberdiek/ifpdf.sty
Package: ifpdf 2011/01/30 v2.3 Provides the ifpdf switch (HO)
Package ifpdf Info: pdfTeX in PDF mode is detected.
)
\headheight=\dimen102
\headdp=\dimen103
\footheight=\dimen104
\sidebarheight=\dimen105
\beamer@tempdim=\dimen106
\beamer@finalheight=\dimen107
\beamer@animht=\dimen108
\beamer@animdp=\dimen109
\beamer@animwd=\dimen110
\beamer@leftmargin=\dimen111
\beamer@rightmargin=\dimen112
\beamer@leftsidebar=\dimen113
\beamer@rightsidebar=\dimen114
\beamer@boxsize=\dimen115
\beamer@vboxoffset=\dimen116
\beamer@descdefault=\dimen117
\beamer@descriptionwidth=\dimen118
\beamer@lastskip=\skip41
\beamer@areabox=\box28
\beamer@animcurrent=\box29
\beamer@animshowbox=\box30
\beamer@sectionbox=\box31
\beamer@logobox=\box32
\beamer@linebox=\box33
\beamer@sectioncount=\count84
\beamer@subsubsectionmax=\count85
\beamer@subsectionmax=\count86
\beamer@sectionmax=\count87
\beamer@totalheads=\count88
\beamer@headcounter=\count89
\beamer@partstartpage=\count90
\beamer@sectionstartpage=\count91
\beamer@subsectionstartpage=\count92
\beamer@animationtempa=\count93
\beamer@animationtempb=\count94
\beamer@xpos=\count95
\beamer@ypos=\count96
\beamer@showpartnumber=\count97
\beamer@currentsubsection=\count98
\beamer@coveringdepth=\count99
\beamer@sectionadjust=\count100
\beamer@tocsectionnumber=\count101

(/usr/local/texlive/2014/texmf-dist/tex/latex/beamer/beamerbaseoptions.sty
Package: beamerbaseoptions 2013/03/10 (rcs-revision 47431932db0d)

(/usr/local/texlive/2014/texmf-dist/tex/latex/graphics/keyval.sty
Package: keyval 2014/10/28 v1.15 key=value parser (DPC)
\KV@toks@=\toks14
))
\beamer@paperwidth=\skip42
\beamer@paperheight=\skip43

(/usr/local/texlive/2014/texmf-dist/tex/latex/geometry/geometry.sty
Package: geometry 2010/09/12 v5.6 Page Geometry

(/usr/local/texlive/2014/texmf-dist/tex/generic/oberdiek/ifvtex.sty
Package: ifvtex 2010/03/01 v1.5 Detect VTeX and its facilities (HO)
Package ifvtex Info: VTeX not detected.
)
(/usr/local/texlive/2014/texmf-dist/tex/generic/ifxetex/ifxetex.sty
Package: ifxetex 2010/09/12 v0.6 Provides ifxetex conditional
)
\Gm@cnth=\count102
\Gm@cntv=\count103
\c@Gm@tempcnt=\count104
\Gm@bindingoffset=\dimen119
\Gm@wd@mp=\dimen120
\Gm@odd@mp=\dimen121
\Gm@even@mp=\dimen122
\Gm@layoutwidth=\dimen123
\Gm@layoutheight=\dimen124
\Gm@layouthoffset=\dimen125
\Gm@layoutvoffset=\dimen126
\Gm@dimlist=\toks15
)
(/usr/local/texlive/2014/texmf-dist/tex/latex/base/size11.clo
File: size11.clo 2014/09/29 v1.4h Standard LaTeX file (size option)
)
(/usr/local/texlive/2014/texmf-dist/tex/latex/pgf/basiclayer/pgfcore.sty
(/usr/local/texlive/2014/texmf-dist/tex/latex/graphics/graphicx.sty
Package: graphicx 2014/10/28 v1.0g Enhanced LaTeX Graphics (DPC,SPQR)

(/usr/local/texlive/2014/texmf-dist/tex/latex/graphics/graphics.sty
Package: graphics 2014/10/28 v1.0p Standard LaTeX Graphics (DPC,SPQR)

(/usr/local/texlive/2014/texmf-dist/tex/latex/graphics/trig.sty
Package: trig 1999/03/16 v1.09 sin cos tan (DPC)
)
(/usr/local/texlive/2014/texmf-dist/tex/latex/latexconfig/graphics.cfg
File: graphics.cfg 2010/04/23 v1.9 graphics configuration of TeX Live
)
Package graphics Info: Driver file: pdftex.def on input line 91.

(/usr/local/texlive/2014/texmf-dist/tex/latex/pdftex-def/pdftex.def
File: pdftex.def 2011/05/27 v0.06d Graphics/color for pdfTeX

(/usr/local/texlive/2014/texmf-dist/tex/generic/oberdiek/infwarerr.sty
Package: infwarerr 2010/04/08 v1.3 Providing info/warning/error messages (HO)
)
(/usr/local/texlive/2014/texmf-dist/tex/generic/oberdiek/ltxcmds.sty
Package: ltxcmds 2011/11/09 v1.22 LaTeX kernel commands for general use (HO)
)
\Gread@gobject=\count105
))
\Gin@req@height=\dimen127
\Gin@req@width=\dimen128
)
(/usr/local/texlive/2014/texmf-dist/tex/latex/pgf/systemlayer/pgfsys.sty
(/usr/local/texlive/2014/texmf-dist/tex/latex/pgf/utilities/pgfrcs.sty
(/usr/local/texlive/2014/texmf-dist/tex/generic/pgf/utilities/pgfutil-common.te
x
\pgfutil@everybye=\toks16
\pgfutil@tempdima=\dimen129
\pgfutil@tempdimb=\dimen130

(/usr/local/texlive/2014/texmf-dist/tex/generic/pgf/utilities/pgfutil-common-li
sts.tex))
(/usr/local/texlive/2014/texmf-dist/tex/generic/pgf/utilities/pgfutil-latex.def
\pgfutil@abb=\box34
(/usr/local/texlive/2014/texmf-dist/tex/latex/ms/everyshi.sty
Package: everyshi 2001/05/15 v3.00 EveryShipout Package (MS)
))
(/usr/local/texlive/2014/texmf-dist/tex/generic/pgf/utilities/pgfrcs.code.tex
Package: pgfrcs 2013/12/20 v3.0.0 (rcs-revision 1.28)
))
(/usr/local/texlive/2014/texmf-dist/tex/generic/pgf/systemlayer/pgfsys.code.tex
Package: pgfsys 2013/11/30 v3.0.0 (rcs-revision 1.47)
(/usr/local/texlive/2014/texmf-dist/tex/generic/pgf/utilities/pgfkeys.code.tex
\pgfkeys@pathtoks=\toks17
\pgfkeys@temptoks=\toks18

(/usr/local/texlive/2014/texmf-dist/tex/generic/pgf/utilities/pgfkeysfiltered.c
ode.tex
\pgfkeys@tmptoks=\toks19
))
\pgf@x=\dimen131
\pgf@y=\dimen132
\pgf@xa=\dimen133
\pgf@ya=\dimen134
\pgf@xb=\dimen135
\pgf@yb=\dimen136
\pgf@xc=\dimen137
\pgf@yc=\dimen138
\w@pgf@writea=\write3
\r@pgf@reada=\read1
\c@pgf@counta=\count106
\c@pgf@countb=\count107
\c@pgf@countc=\count108
\c@pgf@countd=\count109
\t@pgf@toka=\toks20
\t@pgf@tokb=\toks21
\t@pgf@tokc=\toks22

(/usr/local/texlive/2014/texmf-dist/tex/generic/pgf/systemlayer/pgf.cfg
File: pgf.cfg 2008/05/14  (rcs-revision 1.7)
)
Driver file for pgf: pgfsys-pdftex.def

(/usr/local/texlive/2014/texmf-dist/tex/generic/pgf/systemlayer/pgfsys-pdftex.d
ef
File: pgfsys-pdftex.def 2013/07/18  (rcs-revision 1.33)

(/usr/local/texlive/2014/texmf-dist/tex/generic/pgf/systemlayer/pgfsys-common-p
df.def
File: pgfsys-common-pdf.def 2013/10/10  (rcs-revision 1.13)
)))
(/usr/local/texlive/2014/texmf-dist/tex/generic/pgf/systemlayer/pgfsyssoftpath.
code.tex
File: pgfsyssoftpath.code.tex 2013/09/09  (rcs-revision 1.9)
\pgfsyssoftpath@smallbuffer@items=\count110
\pgfsyssoftpath@bigbuffer@items=\count111
)
(/usr/local/texlive/2014/texmf-dist/tex/generic/pgf/systemlayer/pgfsysprotocol.
code.tex
File: pgfsysprotocol.code.tex 2006/10/16  (rcs-revision 1.4)
)) (/usr/local/texlive/2014/texmf-dist/tex/latex/xcolor/xcolor.sty
Package: xcolor 2007/01/21 v2.11 LaTeX color extensions (UK)

(/usr/local/texlive/2014/texmf-dist/tex/latex/latexconfig/color.cfg
File: color.cfg 2007/01/18 v1.5 color configuration of teTeX/TeXLive
)
Package xcolor Info: Driver file: pdftex.def on input line 225.
Package xcolor Info: Model `cmy' substituted by `cmy0' on input line 1337.
Package xcolor Info: Model `hsb' substituted by `rgb' on input line 1341.
Package xcolor Info: Model `RGB' extended on input line 1353.
Package xcolor Info: Model `HTML' substituted by `rgb' on input line 1355.
Package xcolor Info: Model `Hsb' substituted by `hsb' on input line 1356.
Package xcolor Info: Model `tHsb' substituted by `hsb' on input line 1357.
Package xcolor Info: Model `HSB' substituted by `hsb' on input line 1358.
Package xcolor Info: Model `Gray' substituted by `gray' on input line 1359.
Package xcolor Info: Model `wave' substituted by `hsb' on input line 1360.
)
(/usr/local/texlive/2014/texmf-dist/tex/generic/pgf/basiclayer/pgfcore.code.tex
Package: pgfcore 2010/04/11 v3.0.0 (rcs-revision 1.7)
(/usr/local/texlive/2014/texmf-dist/tex/generic/pgf/math/pgfmath.code.tex
(/usr/local/texlive/2014/texmf-dist/tex/generic/pgf/math/pgfmathcalc.code.tex
(/usr/local/texlive/2014/texmf-dist/tex/generic/pgf/math/pgfmathutil.code.tex)
(/usr/local/texlive/2014/texmf-dist/tex/generic/pgf/math/pgfmathparser.code.tex
\pgfmath@dimen=\dimen139
\pgfmath@count=\count112
\pgfmath@box=\box35
\pgfmath@toks=\toks23
\pgfmath@stack@operand=\toks24
\pgfmath@stack@operation=\toks25
)
(/usr/local/texlive/2014/texmf-dist/tex/generic/pgf/math/pgfmathfunctions.code.
tex
(/usr/local/texlive/2014/texmf-dist/tex/generic/pgf/math/pgfmathfunctions.basic
.code.tex)
(/usr/local/texlive/2014/texmf-dist/tex/generic/pgf/math/pgfmathfunctions.trigo
nometric.code.tex)
(/usr/local/texlive/2014/texmf-dist/tex/generic/pgf/math/pgfmathfunctions.rando
m.code.tex)
(/usr/local/texlive/2014/texmf-dist/tex/generic/pgf/math/pgfmathfunctions.compa
rison.code.tex)
(/usr/local/texlive/2014/texmf-dist/tex/generic/pgf/math/pgfmathfunctions.base.
code.tex)
(/usr/local/texlive/2014/texmf-dist/tex/generic/pgf/math/pgfmathfunctions.round
.code.tex)
(/usr/local/texlive/2014/texmf-dist/tex/generic/pgf/math/pgfmathfunctions.misc.
code.tex)
(/usr/local/texlive/2014/texmf-dist/tex/generic/pgf/math/pgfmathfunctions.integ
erarithmetics.code.tex)))
(/usr/local/texlive/2014/texmf-dist/tex/generic/pgf/math/pgfmathfloat.code.tex
\c@pgfmathroundto@lastzeros=\count113
))
(/usr/local/texlive/2014/texmf-dist/tex/generic/pgf/basiclayer/pgfcorepoints.co
de.tex
File: pgfcorepoints.code.tex 2013/10/07  (rcs-revision 1.27)
\pgf@picminx=\dimen140
\pgf@picmaxx=\dimen141
\pgf@picminy=\dimen142
\pgf@picmaxy=\dimen143
\pgf@pathminx=\dimen144
\pgf@pathmaxx=\dimen145
\pgf@pathminy=\dimen146
\pgf@pathmaxy=\dimen147
\pgf@xx=\dimen148
\pgf@xy=\dimen149
\pgf@yx=\dimen150
\pgf@yy=\dimen151
\pgf@zx=\dimen152
\pgf@zy=\dimen153
)
(/usr/local/texlive/2014/texmf-dist/tex/generic/pgf/basiclayer/pgfcorepathconst
ruct.code.tex
File: pgfcorepathconstruct.code.tex 2013/10/07  (rcs-revision 1.29)
\pgf@path@lastx=\dimen154
\pgf@path@lasty=\dimen155
)
(/usr/local/texlive/2014/texmf-dist/tex/generic/pgf/basiclayer/pgfcorepathusage
.code.tex
File: pgfcorepathusage.code.tex 2013/12/13  (rcs-revision 1.23)
\pgf@shorten@end@additional=\dimen156
\pgf@shorten@start@additional=\dimen157
)
(/usr/local/texlive/2014/texmf-dist/tex/generic/pgf/basiclayer/pgfcorescopes.co
de.tex
File: pgfcorescopes.code.tex 2013/10/09  (rcs-revision 1.44)
\pgfpic=\box36
\pgf@hbox=\box37
\pgf@layerbox@main=\box38
\pgf@picture@serial@count=\count114
)
(/usr/local/texlive/2014/texmf-dist/tex/generic/pgf/basiclayer/pgfcoregraphicst
ate.code.tex
File: pgfcoregraphicstate.code.tex 2013/09/19  (rcs-revision 1.11)
\pgflinewidth=\dimen158
)
(/usr/local/texlive/2014/texmf-dist/tex/generic/pgf/basiclayer/pgfcoretransform
ations.code.tex
File: pgfcoretransformations.code.tex 2013/10/10  (rcs-revision 1.17)
\pgf@pt@x=\dimen159
\pgf@pt@y=\dimen160
\pgf@pt@temp=\dimen161
)
(/usr/local/texlive/2014/texmf-dist/tex/generic/pgf/basiclayer/pgfcorequick.cod
e.tex
File: pgfcorequick.code.tex 2008/10/09  (rcs-revision 1.3)
)
(/usr/local/texlive/2014/texmf-dist/tex/generic/pgf/basiclayer/pgfcoreobjects.c
ode.tex
File: pgfcoreobjects.code.tex 2006/10/11  (rcs-revision 1.2)
)
(/usr/local/texlive/2014/texmf-dist/tex/generic/pgf/basiclayer/pgfcorepathproce
ssing.code.tex
File: pgfcorepathprocessing.code.tex 2013/09/09  (rcs-revision 1.9)
)
(/usr/local/texlive/2014/texmf-dist/tex/generic/pgf/basiclayer/pgfcorearrows.co
de.tex
File: pgfcorearrows.code.tex 2013/11/07  (rcs-revision 1.40)
\pgfarrowsep=\dimen162
)
(/usr/local/texlive/2014/texmf-dist/tex/generic/pgf/basiclayer/pgfcoreshade.cod
e.tex
File: pgfcoreshade.code.tex 2013/07/15  (rcs-revision 1.15)
\pgf@max=\dimen163
\pgf@sys@shading@range@num=\count115
)
(/usr/local/texlive/2014/texmf-dist/tex/generic/pgf/basiclayer/pgfcoreimage.cod
e.tex
File: pgfcoreimage.code.tex 2013/07/15  (rcs-revision 1.18)

(/usr/local/texlive/2014/texmf-dist/tex/generic/pgf/basiclayer/pgfcoreexternal.
code.tex
File: pgfcoreexternal.code.tex 2013/07/15  (rcs-revision 1.20)
\pgfexternal@startupbox=\box39
))
(/usr/local/texlive/2014/texmf-dist/tex/generic/pgf/basiclayer/pgfcorelayers.co
de.tex
File: pgfcorelayers.code.tex 2013/07/18  (rcs-revision 1.7)
)
(/usr/local/texlive/2014/texmf-dist/tex/generic/pgf/basiclayer/pgfcoretranspare
ncy.code.tex
File: pgfcoretransparency.code.tex 2013/09/30  (rcs-revision 1.5)
)
(/usr/local/texlive/2014/texmf-dist/tex/generic/pgf/basiclayer/pgfcorepatterns.
code.tex
File: pgfcorepatterns.code.tex 2013/11/07  (rcs-revision 1.5)
)))
(/usr/local/texlive/2014/texmf-dist/tex/latex/pgf/utilities/xxcolor.sty
Package: xxcolor 2003/10/24 ver 0.1
\XC@nummixins=\count116
\XC@countmixins=\count117
)
(/usr/local/texlive/2014/texmf-dist/tex/generic/oberdiek/atbegshi.sty
Package: atbegshi 2011/10/05 v1.16 At begin shipout hook (HO)
)
(/usr/local/texlive/2014/texmf-dist/tex/latex/hyperref/hyperref.sty
Package: hyperref 2012/11/06 v6.83m Hypertext links for LaTeX

(/usr/local/texlive/2014/texmf-dist/tex/generic/oberdiek/hobsub-hyperref.sty
Package: hobsub-hyperref 2012/05/28 v1.13 Bundle oberdiek, subset hyperref (HO)


(/usr/local/texlive/2014/texmf-dist/tex/generic/oberdiek/hobsub-generic.sty
Package: hobsub-generic 2012/05/28 v1.13 Bundle oberdiek, subset generic (HO)
Package: hobsub 2012/05/28 v1.13 Construct package bundles (HO)
Package hobsub Info: Skipping package `infwarerr' (already loaded).
Package hobsub Info: Skipping package `ltxcmds' (already loaded).
Package: ifluatex 2010/03/01 v1.3 Provides the ifluatex switch (HO)
Package ifluatex Info: LuaTeX not detected.
Package hobsub Info: Skipping package `ifvtex' (already loaded).
Package: intcalc 2007/09/27 v1.1 Expandable calculations with integers (HO)
Package hobsub Info: Skipping package `ifpdf' (already loaded).
Package: etexcmds 2011/02/16 v1.5 Avoid name clashes with e-TeX commands (HO)
Package etexcmds Info: Could not find \expanded.
(etexcmds)             That can mean that you are not using pdfTeX 1.50 or
(etexcmds)             that some package has redefined \expanded.
(etexcmds)             In the latter case, load this package earlier.
Package: kvsetkeys 2012/04/25 v1.16 Key value parser (HO)
Package: kvdefinekeys 2011/04/07 v1.3 Define keys (HO)
Package: pdftexcmds 2011/11/29 v0.20 Utility functions of pdfTeX for LuaTeX (HO
)
Package pdftexcmds Info: LuaTeX not detected.
Package pdftexcmds Info: \pdf@primitive is available.
Package pdftexcmds Info: \pdf@ifprimitive is available.
Package pdftexcmds Info: \pdfdraftmode found.
Package: pdfescape 2011/11/25 v1.13 Implements pdfTeX's escape features (HO)
Package: bigintcalc 2012/04/08 v1.3 Expandable calculations on big integers (HO
)
Package: bitset 2011/01/30 v1.1 Handle bit-vector datatype (HO)
Package: uniquecounter 2011/01/30 v1.2 Provide unlimited unique counter (HO)
)
Package hobsub Info: Skipping package `hobsub' (already loaded).
Package: letltxmacro 2010/09/02 v1.4 Let assignment for LaTeX macros (HO)
Package: hopatch 2012/05/28 v1.2 Wrapper for package hooks (HO)
Package: xcolor-patch 2011/01/30 xcolor patch
Package: atveryend 2011/06/30 v1.8 Hooks at the very end of document (HO)
Package atveryend Info: \enddocument detected (standard20110627).
Package hobsub Info: Skipping package `atbegshi' (already loaded).
Package: refcount 2011/10/16 v3.4 Data extraction from label references (HO)
Package: hycolor 2011/01/30 v1.7 Color options for hyperref/bookmark (HO)
)
(/usr/local/texlive/2014/texmf-dist/tex/latex/oberdiek/auxhook.sty
Package: auxhook 2011/03/04 v1.3 Hooks for auxiliary files (HO)
)
(/usr/local/texlive/2014/texmf-dist/tex/latex/oberdiek/kvoptions.sty
Package: kvoptions 2011/06/30 v3.11 Key value format for package options (HO)
)
\@linkdim=\dimen164
\Hy@linkcounter=\count118
\Hy@pagecounter=\count119

(/usr/local/texlive/2014/texmf-dist/tex/latex/hyperref/pd1enc.def
File: pd1enc.def 2012/11/06 v6.83m Hyperref: PDFDocEncoding definition (HO)
)
\Hy@SavedSpaceFactor=\count120

(/usr/local/texlive/2014/texmf-dist/tex/latex/latexconfig/hyperref.cfg
File: hyperref.cfg 2002/06/06 v1.2 hyperref configuration of TeXLive
)
Package hyperref Info: Option `bookmarks' set `true' on input line 4319.
Package hyperref Info: Option `bookmarksopen' set `true' on input line 4319.
Package hyperref Info: Option `implicit' set `false' on input line 4319.
Package hyperref Info: Hyper figures OFF on input line 4443.
Package hyperref Info: Link nesting OFF on input line 4448.
Package hyperref Info: Hyper index ON on input line 4451.
Package hyperref Info: Plain pages OFF on input line 4458.
Package hyperref Info: Backreferencing OFF on input line 4463.
Package hyperref Info: Implicit mode OFF; no redefinition of LaTeX internals.
Package hyperref Info: Bookmarks ON on input line 4688.
\c@Hy@tempcnt=\count121

(/usr/local/texlive/2014/texmf-dist/tex/latex/url/url.sty
\Urlmuskip=\muskip10
Package: url 2013/09/16  ver 3.4  Verb mode for urls, etc.
)
LaTeX Info: Redefining \url on input line 5041.
\XeTeXLinkMargin=\dimen165
\Fld@menulength=\count122
\Field@Width=\dimen166
\Fld@charsize=\dimen167
Package hyperref Info: Hyper figures OFF on input line 6295.
Package hyperref Info: Link nesting OFF on input line 6300.
Package hyperref Info: Hyper index ON on input line 6303.
Package hyperref Info: backreferencing OFF on input line 6310.
Package hyperref Info: Link coloring OFF on input line 6315.
Package hyperref Info: Link coloring with OCG OFF on input line 6320.
Package hyperref Info: PDF/A mode OFF on input line 6325.
LaTeX Info: Redefining \ref on input line 6365.
LaTeX Info: Redefining \pageref on input line 6369.
\Hy@abspage=\count123


Package hyperref Message: Stopped early.

)

Package hyperref Message: Driver (autodetected): hpdftex.

(/usr/local/texlive/2014/texmf-dist/tex/latex/hyperref/hpdftex.def
File: hpdftex.def 2012/11/06 v6.83m Hyperref driver for pdfTeX
\Fld@listcount=\count124
\c@bookmark@seq@number=\count125

(/usr/local/texlive/2014/texmf-dist/tex/latex/oberdiek/rerunfilecheck.sty
Package: rerunfilecheck 2011/04/15 v1.7 Rerun checks for auxiliary files (HO)
Package uniquecounter Info: New unique counter `rerunfilecheck' on input line 2
82.
))
(/usr/local/texlive/2014/texmf-dist/tex/latex/beamer/beamerbaserequires.sty
Package: beamerbaserequires 2010/05/01  (rcs-revision efa082c6111d)

(/usr/local/texlive/2014/texmf-dist/tex/latex/beamer/beamerbasecompatibility.st
y
Package: beamerbasecompatibility 2012/05/01  (rcs-revision 67c48b3b652d)
) (/usr/local/texlive/2014/texmf-dist/tex/latex/beamer/beamerbasefont.sty
Package: beamerbasefont 2013/10/18  (rcs-revision 72f39e01808a)

(/usr/local/texlive/2014/texmf-dist/tex/latex/amsfonts/amssymb.sty
Package: amssymb 2013/01/14 v3.01 AMS font symbols

(/usr/local/texlive/2014/texmf-dist/tex/latex/amsfonts/amsfonts.sty
Package: amsfonts 2013/01/14 v3.01 Basic AMSFonts support
\@emptytoks=\toks26
\symAMSa=\mathgroup4
\symAMSb=\mathgroup5
LaTeX Font Info:    Overwriting math alphabet `\mathfrak' in version `bold'
(Font)                  U/euf/m/n --> U/euf/b/n on input line 106.
))
(/usr/local/texlive/2014/texmf-dist/tex/latex/sansmathaccent/sansmathaccent.sty
Package: sansmathaccent 2013/03/28
(/usr/local/texlive/2014/texmf-dist/tex/latex/filehook/filehook.sty
Package: filehook 2011/10/12 v0.5d Hooks for input files
)))
(/usr/local/texlive/2014/texmf-dist/tex/latex/beamer/beamerbasetranslator.sty
Package: beamerbasetranslator 2010/06/11  (rcs-revision 85fd1cc7fc42)

(/usr/local/texlive/2014/texmf-dist/tex/latex/beamer/translator/translator.sty
Package: translator 2010/06/12 ver 1.10

(/usr/local/texlive/2014/texmf-dist/tex/latex/beamer/translator/translator-lang
uage-mappings.tex)))
(/usr/local/texlive/2014/texmf-dist/tex/latex/beamer/beamerbasemisc.sty
Package: beamerbasemisc 2013/09/03  (rcs-revision a55719c41d85)
)
(/usr/local/texlive/2014/texmf-dist/tex/latex/beamer/beamerbasetwoscreens.sty
Package: beamerbasetwoscreens 2010/05/01  (rcs-revision efa082c6111d)
)
(/usr/local/texlive/2014/texmf-dist/tex/latex/beamer/beamerbaseoverlay.sty
Package: beamerbaseoverlay 2013/12/25  (rcs-revision f6bd5e3805da)
\beamer@argscount=\count126
\beamer@lastskipcover=\skip44
\beamer@trivlistdepth=\count127
)
(/usr/local/texlive/2014/texmf-dist/tex/latex/beamer/beamerbasetitle.sty
Package: beamerbasetitle 2010/09/21  (rcs-revision f0446ed0b6ae)
)
(/usr/local/texlive/2014/texmf-dist/tex/latex/beamer/beamerbasesection.sty
Package: beamerbasesection 2013/06/07  (rcs-revision 60b9fe0f342f)
\c@lecture=\count128
\c@part=\count129
\c@section=\count130
\c@subsection=\count131
\c@subsubsection=\count132
)
(/usr/local/texlive/2014/texmf-dist/tex/latex/beamer/beamerbaseframe.sty
Package: beamerbaseframe 2013/10/02  (rcs-revision cdc8e9a3aaac)
\beamer@framebox=\box40
\beamer@frametitlebox=\box41
\beamer@zoombox=\box42
\beamer@zoomcount=\count133
\beamer@zoomframecount=\count134
\beamer@frametextheight=\dimen168
\c@subsectionslide=\count135
\beamer@frametopskip=\skip45
\beamer@framebottomskip=\skip46
\beamer@frametopskipautobreak=\skip47
\beamer@framebottomskipautobreak=\skip48
\beamer@envbody=\toks27
\framewidth=\dimen169
\c@framenumber=\count136
)
(/usr/local/texlive/2014/texmf-dist/tex/latex/beamer/beamerbaseverbatim.sty
Package: beamerbaseverbatim 2012/08/30  (rcs-revision dfdb135076b3)
\beamer@verbatimfileout=\write4
)
(/usr/local/texlive/2014/texmf-dist/tex/latex/beamer/beamerbaseframesize.sty
Package: beamerbaseframesize 2011/09/12  (rcs-revision 70f9d8411e54)
\beamer@splitbox=\box43
\beamer@autobreakcount=\count137
\beamer@autobreaklastheight=\dimen170
\beamer@frametitletoks=\toks28
\beamer@framesubtitletoks=\toks29
)
(/usr/local/texlive/2014/texmf-dist/tex/latex/beamer/beamerbaseframecomponents.
sty
Package: beamerbaseframecomponents 2013/10/18  (rcs-revision 5cf6c5555a45)
\beamer@footins=\box44
) (/usr/local/texlive/2014/texmf-dist/tex/latex/beamer/beamerbasecolor.sty
Package: beamerbasecolor 2010/06/06  (rcs-revision d1a9b48be06d)
)
(/usr/local/texlive/2014/texmf-dist/tex/latex/beamer/beamerbasenotes.sty
Package: beamerbasenotes 2012/12/19  (rcs-revision 1686da3db3c9)
\beamer@frameboxcopy=\box45
)
(/usr/local/texlive/2014/texmf-dist/tex/latex/beamer/beamerbasetoc.sty
Package: beamerbasetoc 2013/05/23  (rcs-revision 0fdf5bc43be8)
)
(/usr/local/texlive/2014/texmf-dist/tex/latex/beamer/beamerbasetemplates.sty
Package: beamerbasetemplates 2010/05/01  (rcs-revision efa082c6111d)
\beamer@sbttoks=\toks30

(/usr/local/texlive/2014/texmf-dist/tex/latex/beamer/beamerbaseauxtemplates.sty
Package: beamerbaseauxtemplates 2013/09/04  (rcs-revision 4ac715c499d0)
(/usr/local/texlive/2014/texmf-dist/tex/latex/beamer/beamerbaseboxes.sty
Package: beamerbaseboxes 2012/05/13  (rcs-revision 56972908a390)
\bmb@box=\box46
\bmb@colorbox=\box47
\bmb@boxshadow=\box48
\bmb@boxshadowball=\box49
\bmb@boxshadowballlarge=\box50
\bmb@temp=\dimen171
\bmb@dima=\dimen172
\bmb@dimb=\dimen173
\bmb@prevheight=\dimen174
)
\beamer@blockheadheight=\dimen175
))
(/usr/local/texlive/2014/texmf-dist/tex/latex/beamer/beamerbaselocalstructure.s
ty
Package: beamerbaselocalstructure 2013/09/04  (rcs-revision 4ac715c499d0)
 (/usr/local/texlive/2014/texmf-dist/tex/latex/tools/enumerate.sty
Package: enumerate 2014/10/28 v3.00 enumerate extensions (DPC)
\@enLab=\toks31
)
\c@figure=\count138
\c@table=\count139
\abovecaptionskip=\skip49
\belowcaptionskip=\skip50
)
(/usr/local/texlive/2014/texmf-dist/tex/latex/beamer/beamerbasenavigation.sty
Package: beamerbasenavigation 2013/10/05  (rcs-revision 62be157fe783)
\beamer@section@min@dim=\dimen176
)
(/usr/local/texlive/2014/texmf-dist/tex/latex/beamer/beamerbasetheorems.sty
Package: beamerbasetheorems 2010/06/06  (rcs-revision 7e7cc5e53e9d)

(/usr/local/texlive/2014/texmf-dist/tex/latex/amsmath/amsmath.sty
Package: amsmath 2013/01/14 v2.14 AMS math features
\@mathmargin=\skip51

For additional information on amsmath, use the `?' option.
(/usr/local/texlive/2014/texmf-dist/tex/latex/amsmath/amstext.sty
Package: amstext 2000/06/29 v2.01

(/usr/local/texlive/2014/texmf-dist/tex/latex/amsmath/amsgen.sty
File: amsgen.sty 1999/11/30 v2.0
\@emptytoks=\toks32
\ex@=\dimen177
))
(/usr/local/texlive/2014/texmf-dist/tex/latex/amsmath/amsbsy.sty
Package: amsbsy 1999/11/29 v1.2d
\pmbraise@=\dimen178
)
(/usr/local/texlive/2014/texmf-dist/tex/latex/amsmath/amsopn.sty
Package: amsopn 1999/12/14 v2.01 operator names
)
\inf@bad=\count140
LaTeX Info: Redefining \frac on input line 210.
\uproot@=\count141
\leftroot@=\count142
LaTeX Info: Redefining \overline on input line 306.
\classnum@=\count143
\DOTSCASE@=\count144
LaTeX Info: Redefining \ldots on input line 378.
LaTeX Info: Redefining \dots on input line 381.
LaTeX Info: Redefining \cdots on input line 466.
\Mathstrutbox@=\box51
\strutbox@=\box52
\big@size=\dimen179
LaTeX Font Info:    Redeclaring font encoding OML on input line 566.
LaTeX Font Info:    Redeclaring font encoding OMS on input line 567.
\macc@depth=\count145
\c@MaxMatrixCols=\count146
\dotsspace@=\muskip11
\c@parentequation=\count147
\dspbrk@lvl=\count148
\tag@help=\toks33
\row@=\count149
\column@=\count150
\maxfields@=\count151
\andhelp@=\toks34
\eqnshift@=\dimen180
\alignsep@=\dimen181
\tagshift@=\dimen182
\tagwidth@=\dimen183
\totwidth@=\dimen184
\lineht@=\dimen185
\@envbody=\toks35
\multlinegap=\skip52
\multlinetaggap=\skip53
\mathdisplay@stack=\toks36
LaTeX Info: Redefining \[ on input line 2665.
LaTeX Info: Redefining \] on input line 2666.
)
(/usr/local/texlive/2014/texmf-dist/tex/latex/amscls/amsthm.sty
Package: amsthm 2009/07/02 v2.20.1
\thm@style=\toks37
\thm@bodyfont=\toks38
\thm@headfont=\toks39
\thm@notefont=\toks40
\thm@headpunct=\toks41
\thm@preskip=\skip54
\thm@postskip=\skip55
\thm@headsep=\skip56
\dth@everypar=\toks42
)
\c@theorem=\count152
)
(/usr/local/texlive/2014/texmf-dist/tex/latex/beamer/beamerbasethemes.sty
Package: beamerbasethemes 2010/05/01  (rcs-revision efa082c6111d)
))
(/usr/local/texlive/2014/texmf-dist/tex/latex/beamer/themes/theme/beamerthemede
fault.sty
Package: beamerthemedefault 2010/06/17  (rcs-revision d02a7cf4d8ae)

(/usr/local/texlive/2014/texmf-dist/tex/latex/beamer/themes/font/beamerfontthem
edefault.sty
Package: beamerfontthemedefault 2012/12/19  (rcs-revision 1686da3db3c9)
)
(/usr/local/texlive/2014/texmf-dist/tex/latex/beamer/themes/color/beamercolorth
emedefault.sty
Package: beamercolorthemedefault 2012/12/19  (rcs-revision 1686da3db3c9)
)
(/usr/local/texlive/2014/texmf-dist/tex/latex/beamer/themes/inner/beamerinnerth
emedefault.sty
Package: beamerinnerthemedefault 2013/10/15  (rcs-revision 65cb471f9634)
\beamer@dima=\dimen186
\beamer@dimb=\dimen187
)
(/usr/local/texlive/2014/texmf-dist/tex/latex/beamer/themes/outer/beamerouterth
emedefault.sty
Package: beamerouterthemedefault 2012/12/19  (rcs-revision 1686da3db3c9)
)))
(/usr/local/texlive/2014/texmf-dist/tex/latex/beamer/themes/theme/beamerthemePa
loAlto.sty
Package: beamerthemePaloAlto 2010/06/17  (rcs-revision d02a7cf4d8ae)

(/usr/local/texlive/2014/texmf-dist/tex/latex/beamer/themes/outer/beamerouterth
emesidebar.sty
Package: beamerouterthemesidebar 2010/06/17  (rcs-revision d02a7cf4d8ae)
\beamer@sidebarwidth=\dimen188
\beamer@headheight=\dimen189
)
(/usr/local/texlive/2014/texmf-dist/tex/latex/beamer/themes/inner/beamerinnerth
emerounded.sty
Package: beamerinnerthemerounded 2010/06/17  (rcs-revision d02a7cf4d8ae)
)
(/usr/local/texlive/2014/texmf-dist/tex/latex/beamer/themes/color/beamercolorth
emeorchid.sty
Package: beamercolorthemeorchid 2010/06/17  (rcs-revision d02a7cf4d8ae)
)
(/usr/local/texlive/2014/texmf-dist/tex/latex/beamer/themes/color/beamercolorth
emewhale.sty
Package: beamercolorthemewhale 2010/06/17  (rcs-revision d02a7cf4d8ae)
))
(/usr/local/texlive/2014/texmf-dist/tex/latex/beamer/themes/inner/beamerinnerth
emerectangles.sty
Package: beamerinnerthemerectangles 2010/06/17  (rcs-revision d02a7cf4d8ae)
)
(/usr/local/texlive/2014/texmf-dist/tex/latex/beamer/themes/color/beamercolorth
emebeaver.sty
Package: beamercolorthemebeaver 2010/06/17  (rcs-revision d02a7cf4d8ae)
) (/usr/local/texlive/2014/texmf-dist/tex/latex/mhchem/mhchem.sty
Package: mhchem 2014/03/27 v3.17 for typesetting chemical formulae

(/usr/local/texlive/2014/texmf-dist/tex/latex/base/ifthen.sty
Package: ifthen 2014/09/29 v1.1c Standard LaTeX ifthen package (DPC)
)
(/usr/local/texlive/2014/texmf-dist/tex/latex/tools/calc.sty
Package: calc 2014/10/28 v4.3 Infix arithmetic (KKT,FJ)
\calc@Acount=\count153
\calc@Bcount=\count154
\calc@Adimen=\dimen190
\calc@Bdimen=\dimen191
\calc@Askip=\skip57
\calc@Bskip=\skip58
LaTeX Info: Redefining \setlength on input line 75.
LaTeX Info: Redefining \addtolength on input line 76.
\calc@Ccount=\count155
\calc@Cskip=\skip59
)
(/usr/local/texlive/2014/texmf-dist/tex/latex/oberdiek/twoopt.sty
Package: twoopt 2008/08/11 v1.5 Definitions with two optional arguments (HO)
)
(/usr/local/texlive/2014/texmf-dist/tex/latex/l3kernel/expl3.sty
Package: expl3 2014/11/25 v5471 L3 programming layer (loader) 

(/usr/local/texlive/2014/texmf-dist/tex/latex/l3kernel/expl3-code.tex
Package: expl3 2014/11/25 v5471 L3 programming layer (code) 
L3 Module: l3bootstrap 2014/08/23 v5354 L3 Bootstrap code

(/usr/local/texlive/2014/texmf-dist/tex/latex/etex-pkg/etex.sty
Package: etex 1998/03/26 v2.0 eTeX basic definition package (PEB)
\et@xins=\count156
)
L3 Module: l3names 2014/08/22 v5343 L3 Namespace for primitives
L3 Module: l3basics 2014/08/24 v5364 L3 Basic definitions
L3 Module: l3expan 2014/08/22 v5349 L3 Argument expansion
L3 Module: l3tl 2014/11/19 v5460 L3 Token lists
L3 Module: l3str 2014/08/24 v5368 L3 Strings
L3 Module: l3seq 2014/08/23 v5354 L3 Sequences and stacks
L3 Module: l3int 2014/09/14 v5421 L3 Integers
\c_max_int=\count157
\l_tmpa_int=\count158
\l_tmpb_int=\count159
\g_tmpa_int=\count160
\g_tmpb_int=\count161
L3 Module: l3quark 2014/08/23 v5354 L3 Quarks
L3 Module: l3prg 2014/08/23 v5354 L3 Control structures
\g__prg_map_int=\count162
L3 Module: l3clist 2014/08/23 v5354 L3 Comma separated lists
L3 Module: l3token 2014/09/15 v5422 L3 Experimental token manipulation
L3 Module: l3prop 2014/08/23 v5354 L3 Property lists
L3 Module: l3msg 2014/08/24 v5358 L3 Messages
L3 Module: l3file 2014/08/24 v5369 L3 File and I/O operations
\l_iow_line_count_int=\count163
\l__iow_target_count_int=\count164
\l__iow_current_line_int=\count165
\l__iow_current_word_int=\count166
\l__iow_current_indentation_int=\count167
L3 Module: l3skip 2014/08/23 v5354 L3 Dimensions and skips
\c_zero_dim=\dimen192
\c_max_dim=\dimen193
\l_tmpa_dim=\dimen194
\l_tmpb_dim=\dimen195
\g_tmpa_dim=\dimen196
\g_tmpb_dim=\dimen197
\c_zero_skip=\skip60
\c_max_skip=\skip61
\l_tmpa_skip=\skip62
\l_tmpb_skip=\skip63
\g_tmpa_skip=\skip64
\g_tmpb_skip=\skip65
\c_zero_muskip=\muskip12
\c_max_muskip=\muskip13
\l_tmpa_muskip=\muskip14
\l_tmpb_muskip=\muskip15
\g_tmpa_muskip=\muskip16
\g_tmpb_muskip=\muskip17
L3 Module: l3keys 2014/08/23 v5354 L3 Key-value interfaces
\g__keyval_level_int=\count168
\l_keys_choice_int=\count169
L3 Module: l3fp 2014/08/22 v5336 L3 Floating points
\c__fp_leading_shift_int=\count170
\c__fp_middle_shift_int=\count171
\c__fp_trailing_shift_int=\count172
\c__fp_big_leading_shift_int=\count173
\c__fp_big_middle_shift_int=\count174
\c__fp_big_trailing_shift_int=\count175
\c__fp_Bigg_leading_shift_int=\count176
\c__fp_Bigg_middle_shift_int=\count177
\c__fp_Bigg_trailing_shift_int=\count178
L3 Module: l3box 2014/08/23 v5354 L3 Experimental boxes
\c_empty_box=\box53
\l_tmpa_box=\box54
\l_tmpb_box=\box55
\g_tmpa_box=\box56
\g_tmpb_box=\box57
L3 Module: l3coffins 2014/08/23 v5354 L3 Coffin code layer
\l__coffin_internal_box=\box58
\l__coffin_internal_dim=\dimen198
\l__coffin_offset_x_dim=\dimen199
\l__coffin_offset_y_dim=\dimen200
\l__coffin_x_dim=\dimen201
Normal \dimen register pool exhausted, switching to extended pool.
\l__coffin_y_dim=\dimen256
\l__coffin_x_prime_dim=\dimen257
\l__coffin_y_prime_dim=\dimen258
\c_empty_coffin=\box59
\l__coffin_aligned_coffin=\box60
\l__coffin_aligned_internal_coffin=\box61
\l_tmpa_coffin=\box62
\l_tmpb_coffin=\box63
\l__coffin_display_coffin=\box64
\l__coffin_display_coord_coffin=\box65
\l__coffin_display_pole_coffin=\box66
\l__coffin_display_offset_dim=\dimen259
\l__coffin_display_x_dim=\dimen260
\l__coffin_display_y_dim=\dimen261
L3 Module: l3color 2014/08/23 v5354 L3 Experimental color support
L3 Module: l3candidates 2014/11/23 v5466 L3 Experimental additions to l3kernel
\l__box_top_dim=\dimen262
\l__box_bottom_dim=\dimen263
\l__box_left_dim=\dimen264
\l__box_right_dim=\dimen265
\l__box_top_new_dim=\dimen266
\l__box_bottom_new_dim=\dimen267
\l__box_left_new_dim=\dimen268
\l__box_right_new_dim=\dimen269
\l__box_internal_box=\box67
\l__coffin_bounding_shift_dim=\dimen270
\l__coffin_left_corner_dim=\dimen271
\l__coffin_right_corner_dim=\dimen272
\l__coffin_bottom_corner_dim=\dimen273
\l__coffin_top_corner_dim=\dimen274
\l__coffin_scaled_total_height_dim=\dimen275
\l__coffin_scaled_width_dim=\dimen276
)
(/usr/local/texlive/2014/texmf-dist/tex/latex/l3kernel/l3unicode-data.def
File: l3unicode-data.def 2014/11/23 v5465 L3 Unicode data
)
(/usr/local/texlive/2014/texmf-dist/tex/latex/l3kernel/l3pdfmode.def
File: l3pdfmode.def 2014/11/23 v5466 L3 Experimental driver: PDF mode
\l__driver_color_stack_int=\count179
))
\mhchem@ce@result=\toks43
\mhchem@ce@part=\toks44
\mhchem@arrow@deployType=\toks45
\mhchem@arrow@params=\toks46
\mhchem@arrowlength@pgf=\skip66
\mhchem@bondwidth=\skip67
\mhchem@bondheight=\skip68
\mhchem@smallbondwidth@tmpA=\skip69
\mhchem@smallbondwidth@tmpB=\skip70
\mhchem@smallbondwidth=\skip71
\__mhchem_option_version_int=\count180
\mhchem@prepostscript@tmp@i=\skip72
\mhchem@prepostscript@tmp@ii=\skip73
\mhchem@mathbox@tmp@i=\skip74
\mhchem@mathbox@tmp@ii=\skip75
\mhchem@minispace@tmp=\skip76
\mhchem@option@minussidebearingleft=\skip77
\mhchem@option@minussidebearingright=\skip78
)
(/usr/local/texlive/2014/texmf-dist/tex/latex/caption/caption.sty
Package: caption 2013/05/02 v3.3-89 Customizing captions (AR)

(/usr/local/texlive/2014/texmf-dist/tex/latex/caption/caption3.sty
Package: caption3 2013/05/02 v1.6-88 caption3 kernel (AR)
Package caption3 Info: TeX engine: e-TeX on input line 57.
\captionmargin=\dimen277
\captionmargin@=\dimen278
\captionwidth=\dimen279
\caption@tempdima=\dimen280
\caption@indent=\dimen281
\caption@parindent=\dimen282
\caption@hangindent=\dimen283
)
\c@ContinuedFloat=\count181
Package caption Info: beamer document class.
Package caption Info: hyperref package is loaded.
Package caption Info: Hyperref support is turned off
(caption)             because hyperref has stopped early.
)
(/usr/local/texlive/2014/texmf-dist/tex/latex/textpos/textpos.sty
Package: textpos 2014/01/03 v1.7j

Package: textpos 2014/01/03 1.7j, absolute positioning of text on the page
\TP@textbox=\box68
\TPHorizModule=\dimen284
\TPVertModule=\dimen285
\TP@margin=\dimen286
\TP@absmargin=\dimen287
Grid set 16 x 16 = 22.7622pt x 17.07166pt
\TPboxrulesize=\dimen288
\TP@tbargs=\toks47
\TP@prevdepth=\dimen289
) (/usr/local/texlive/2014/texmf-dist/tex/latex/esint/esint.sty
Package: esint 
\symlargesymbolsA=\mathgroup6
)
(/usr/local/texlive/2014/texmf-dist/tex/latex/siunitx/siunitx.sty
(/usr/local/texlive/2014/texmf-dist/tex/latex/l3packages/xparse/xparse.sty
Package: xparse 2014/11/25 v5471 L3 Experimental document command parser
\l__xparse_current_arg_int=\count182
\l__xparse_m_args_int=\count183
\l__xparse_mandatory_args_int=\count184
\l__xparse_processor_int=\count185
\l__xparse_v_nesting_int=\count186
)
Package: siunitx 2014/10/28 v2.6d A comprehensive (SI) units package

(/usr/local/texlive/2014/texmf-dist/tex/latex/tools/array.sty
Package: array 2014/10/28 v2.4c Tabular extension package (FMi)
\col@sep=\dimen290
\extrarowheight=\dimen291
\NC@list=\toks48
\extratabsurround=\skip79
\backup@length=\skip80
)
(/usr/local/texlive/2014/texmf-dist/tex/latex/l3packages/l3keys2e/l3keys2e.sty
Package: l3keys2e 2014/11/25 v5471 LaTeX2e option processing using LaTeX3 keys
)
Variant \tl_if_blank:VTF already defined; not changing it on line 50
\l__siunitx_tmp_box=\box69
\l__siunitx_tmp_dim=\dimen292
\l__siunitx_tmp_int=\count187
Variant \prop_get:NVNT already defined; not changing it on line 372
Variant \prop_get:NVNF already defined; not changing it on line 373
Variant \prop_get:NVNTF already defined; not changing it on line 374
\l__siunitx_number_mantissa_length_int=\count188
\l__siunitx_number_uncert_length_int=\count189
\l__siunitx_round_int=\count190
\l__siunitx_process_decimal_int=\count191
\l__siunitx_process_uncertainty_int=\count192
\l__siunitx_process_fixed_int=\count193
\l__siunitx_process_integer_min_int=\count194
\l__siunitx_process_precision_int=\count195
\l__siunitx_group_min_int=\count196
\l__siunitx_angle_marker_box=\box70
\l__siunitx_angle_unit_box=\box71
\l__siunitx_angle_marker_dim=\dimen293
\l__siunitx_angle_unit_dim=\dimen294
\l__siunitx_unit_int=\count197
\l__siunitx_unit_denominator_int=\count198
\l__siunitx_unit_numerator_int=\count199
\l__siunitx_unit_prefix_int=\count200
\l__siunitx_unit_prefix_base_int=\count201
Normal \count register pool exhausted, switching to extended pool.
\l__siunitx_unit_prefix_gram_int=\count277
\l__siunitx_number_product_int=\count278
\c__siunitx_one_fill_skip=\skip81
\l__siunitx_table_unit_align_skip=\skip82
\l__siunitx_table_exponent_dim=\dimen295
\l__siunitx_table_integer_dim=\dimen296
\l__siunitx_table_mantissa_dim=\dimen297
\l__siunitx_table_marker_dim=\dimen298
\l__siunitx_table_result_dim=\dimen299
\l__siunitx_table_uncert_dim=\dimen300
\l__siunitx_table_fill_pre_dim=\dimen301
\l__siunitx_table_fill_post_dim=\dimen302
\l__siunitx_table_fill_mid_dim=\dimen303
\l__siunitx_table_pre_box=\box72
\l__siunitx_table_post_box=\box73
\l__siunitx_table_mantissa_box=\box74
\l__siunitx_table_result_box=\box75
\l__siunitx_table_number_align_skip=\skip83
\l__siunitx_table_text_align_skip=\skip84
.................................................
. LaTeX info: "xparse/define-command"
. 
. Defining command \DeclareBinaryPrefix with sig. 'mmm' on line 7168.
.................................................
.................................................
. LaTeX info: "xparse/define-command"
. 
. Defining command \DeclareSIPostPower with sig. 'mm' on line 7171.
.................................................
.................................................
. LaTeX info: "xparse/define-command"
. 
. Defining command \DeclareSIPrefix with sig. 'mmm' on line 7174.
.................................................
.................................................
. LaTeX info: "xparse/define-command"
. 
. Defining command \DeclareSIPrePower with sig. 'mm' on line 7177.
.................................................
.................................................
. LaTeX info: "xparse/define-command"
. 
. Defining command \DeclareSIQualifier with sig. 'mm' on line 7180.
.................................................
.................................................
. LaTeX info: "xparse/define-command"
. 
. Defining command \DeclareSIUnit with sig. 'O{}mm' on line 7183.
.................................................
.................................................
. LaTeX info: "xparse/define-command"
. 
. Defining command \DeclareSIUnitWithOptions with sig. 'mmm' on line 7186.
.................................................
.................................................
. LaTeX info: "xparse/define-command"
. 
. Defining command \ang with sig. 'o>{\SplitArgument {2}{;}}m' on line 7201.
.................................................
.................................................
. LaTeX info: "xparse/define-command"
. 
. Defining command \num with sig. 'om' on line 7209.
.................................................
.................................................
. LaTeX info: "xparse/define-command"
. 
. Defining command \numlist with sig. 'o>{\SplitList {;}}m' on line 7217.
.................................................
.................................................
. LaTeX info: "xparse/define-command"
. 
. Defining command \numrange with sig. 'omm' on line 7225.
.................................................
.................................................
. LaTeX info: "xparse/define-command"
. 
. Defining command \SIlist with sig. 'o>{\SplitList {;}}mm' on line 7236.
.................................................
.................................................
. LaTeX info: "xparse/define-command"
. 
. Defining command \SIrange with sig. 'ommm' on line 7247.
.................................................
.................................................
. LaTeX info: "xparse/define-command"
. 
. Defining command \SI with sig. 'omom' on line 7258.
.................................................
.................................................
. LaTeX info: "xparse/define-command"
. 
. Defining command \sisetup with sig. 'm' on line 7261.
.................................................
.................................................
. LaTeX info: "xparse/define-command"
. 
. Defining command \tablenum with sig. 'om' on line 7273.
.................................................
.................................................
. LaTeX info: "xparse/define-command"
. 
. Defining command \si with sig. 'om' on line 7284.
.................................................
.................................................
. LaTeX info: "xparse/define-command"
. 
. Defining command \__siunitx_bookmark_num:w with sig. 'om' on line 7331.
.................................................
.................................................
. LaTeX info: "xparse/define-command"
. 
. Defining command \__siunitx_bookmark_numrange:w with sig. 'omm' on line
. 7333.
.................................................
.................................................
. LaTeX info: "xparse/define-command"
. 
. Defining command \__siunitx_bookmark_SI:w with sig. 'omom' on line 7335.
.................................................
.................................................
. LaTeX info: "xparse/define-command"
. 
. Defining command \__siunitx_bookmark_SIlist:w with sig. 'omm' on line 7337.
.................................................
.................................................
. LaTeX info: "xparse/define-command"
. 
. Defining command \__siunitx_bookmark_SIrange:w with sig. 'ommm' on line
. 7339.
.................................................
.................................................
. LaTeX info: "xparse/define-command"
. 
. Defining command \__siunitx_bookmark_si:w with sig. 'om' on line 7340.
.................................................
\g__file_internal_ior=\read2
) (/usr/local/texlive/2014/texmf-dist/tex/latex/etoolbox/etoolbox.sty
Package: etoolbox 2011/01/03 v2.1 e-TeX tools for LaTeX
\etb@tempcnta=\count279
)
(/usr/local/texlive/2014/texmf-dist/tex/latex/wrapfig/wrapfig.sty
\wrapoverhang=\dimen304
\WF@size=\dimen305
\c@WF@wrappedlines=\count280
\WF@box=\box76
\WF@everypar=\toks49
Package: wrapfig 2003/01/31  v 3.6
)
(/usr/local/texlive/2014/texmf-dist/tex/latex/tools/multicol.sty
Package: multicol 2014/10/28 v1.8i multicolumn formatting (FMi)
\c@tracingmulticols=\count281
\mult@box=\box77
\multicol@leftmargin=\dimen306
\c@unbalance=\count282
\c@collectmore=\count283
\doublecol@number=\count284
\multicoltolerance=\count285
\multicolpretolerance=\count286
\full@width=\dimen307
\page@free=\dimen308
\premulticols=\dimen309
\postmulticols=\dimen310
\multicolsep=\skip85
\multicolbaselineskip=\skip86
\partial@page=\box78
\last@line=\box79
\maxbalancingoverflow=\dimen311
\mult@rightbox=\box80
\mult@grightbox=\box81
\mult@gfirstbox=\box82
\mult@firstbox=\box83
\@tempa=\box84
\@tempa=\box85
\@tempa=\box86
\@tempa=\box87
\@tempa=\box88
\@tempa=\box89
\@tempa=\box90
\@tempa=\box91
\@tempa=\box92
\@tempa=\box93
\@tempa=\box94
\@tempa=\box95
\@tempa=\box96
\@tempa=\box97
\@tempa=\box98
\@tempa=\box99
\@tempa=\box100
\c@columnbadness=\count287
\c@finalcolumnbadness=\count288
\last@try=\dimen312
\multicolovershoot=\dimen313
\multicolundershoot=\dimen314
\mult@nat@firstbox=\box101
\colbreak@box=\box102
\mc@col@check@num=\count289
)
(/usr/local/texlive/2014/texmf-dist/tex/latex/subfig/subfig.sty
Package: subfig 2005/06/28 ver: 1.3 subfig package
\c@KVtest=\count290
\sf@farskip=\skip87
\sf@captopadj=\dimen315
\sf@capskip=\skip88
\sf@nearskip=\skip89
\c@subfigure=\count291
\c@subfigure@save=\count292
\c@depth=\count293
\c@subtable=\count294
\c@subtable@save=\count295
\sf@top=\skip90
\sf@bottom=\skip91
)
(/usr/local/texlive/2014/texmf-dist/tex/latex/chngcntr/chngcntr.sty
Package: chngcntr 2009/09/02 v1.0a change counter resetting
)

Package hyperref Warning: Token not allowed in a PDF string (PDFDocEncoding):
(hyperref)                removing `math shift' on input line 126.


Package hyperref Warning: Token not allowed in a PDF string (PDFDocEncoding):
(hyperref)                removing `math shift' on input line 126.


Package hyperref Warning: Token not allowed in a PDF string (PDFDocEncoding):
(hyperref)                removing `math shift' on input line 126.


Package hyperref Warning: Token not allowed in a PDF string (PDFDocEncoding):
(hyperref)                removing `math shift' on input line 126.

(./Final_DEC_Slides.aux

LaTeX Warning: Label `fig:contourDNS' multiply defined.


LaTeX Warning: Label `sub@fig:contourDNS' multiply defined.


LaTeX Warning: Label `fig:cubeAMRbased' multiply defined.


LaTeX Warning: Label `fig:errorHO' multiply defined.


LaTeX Warning: Label `sub@fig:errorHO' multiply defined.

)
\openout1 = `Final_DEC_Slides.aux'.

LaTeX Font Info:    Checking defaults for OML/cmm/m/it on input line 126.
LaTeX Font Info:    ... okay on input line 126.
LaTeX Font Info:    Checking defaults for T1/cmr/m/n on input line 126.
LaTeX Font Info:    ... okay on input line 126.
LaTeX Font Info:    Checking defaults for OT1/cmr/m/n on input line 126.
LaTeX Font Info:    ... okay on input line 126.
LaTeX Font Info:    Checking defaults for OMS/cmsy/m/n on input line 126.
LaTeX Font Info:    ... okay on input line 126.
LaTeX Font Info:    Checking defaults for OMX/cmex/m/n on input line 126.
LaTeX Font Info:    ... okay on input line 126.
LaTeX Font Info:    Checking defaults for U/cmr/m/n on input line 126.
LaTeX Font Info:    ... okay on input line 126.
LaTeX Font Info:    Checking defaults for PD1/pdf/m/n on input line 126.
LaTeX Font Info:    ... okay on input line 126.

*geometry* driver: auto-detecting
*geometry* detected driver: pdftex
*geometry* verbose mode - [ preamble ] result:
* driver: pdftex
* paper: custom
* layout: <same size as paper>
* layoutoffset:(h,v)=(0.0pt,0.0pt)
* modes: includehead includefoot 
* h-part:(L,W,R)=(59.22636pt, 290.74263pt, 14.22636pt)
* v-part:(T,H,B)=(0.0pt, 273.14662pt, 0.0pt)
* \paperwidth=364.19536pt
* \paperheight=273.14662pt
* \textwidth=290.74263pt
* \textheight=244.6939pt
* \oddsidemargin=-13.04362pt
* \evensidemargin=-13.04362pt
* \topmargin=-72.26999pt
* \headheight=14.22636pt
* \headsep=0.0pt
* \topskip=11.0pt
* \footskip=14.22636pt
* \marginparwidth=4.0pt
* \marginparsep=10.0pt
* \columnsep=10.0pt
* \skip\footins=10.0pt plus 4.0pt minus 2.0pt
* \hoffset=0.0pt
* \voffset=0.0pt
* \mag=1000
* \@twocolumnfalse
* \@twosidefalse
* \@mparswitchfalse
* \@reversemarginfalse
* (1in=72.27pt=25.4mm, 1cm=28.453pt)

(/usr/local/texlive/2014/texmf-dist/tex/context/base/supp-pdf.mkii
[Loading MPS to PDF converter (version 2006.09.02).]
\scratchcounter=\count296
\scratchdimen=\dimen316
\scratchbox=\box103
\nofMPsegments=\count297
\nofMParguments=\count298
\everyMPshowfont=\toks50
\MPscratchCnt=\count299
\MPscratchDim=\dimen317
\MPnumerator=\count300
\makeMPintoPDFobject=\count301
\everyMPtoPDFconversion=\toks51
) (/usr/local/texlive/2014/texmf-dist/tex/latex/oberdiek/epstopdf-base.sty
Package: epstopdf-base 2010/02/09 v2.5 Base part for package epstopdf

(/usr/local/texlive/2014/texmf-dist/tex/latex/oberdiek/grfext.sty
Package: grfext 2010/08/19 v1.1 Manage graphics extensions (HO)
)
Package grfext Info: Graphics extension search list:
(grfext)             [.png,.pdf,.jpg,.mps,.jpeg,.jbig2,.jb2,.PNG,.PDF,.JPG,.JPE
G,.JBIG2,.JB2,.eps]
(grfext)             \AppendGraphicsExtensions on input line 452.

(/usr/local/texlive/2014/texmf-dist/tex/latex/latexconfig/epstopdf-sys.cfg
File: epstopdf-sys.cfg 2010/07/13 v1.3 Configuration of (r)epstopdf for TeX Liv
e
))
ABD: EveryShipout initializing macros
\AtBeginShipoutBox=\box104
Package hyperref Info: Link coloring OFF on input line 126.

(/usr/local/texlive/2014/texmf-dist/tex/latex/hyperref/nameref.sty
Package: nameref 2012/10/27 v2.43 Cross-referencing by name of section

(/usr/local/texlive/2014/texmf-dist/tex/generic/oberdiek/gettitlestring.sty
Package: gettitlestring 2010/12/03 v1.4 Cleanup title references (HO)
)
\c@section@level=\count302
)
LaTeX Info: Redefining \ref on input line 126.
LaTeX Info: Redefining \pageref on input line 126.
LaTeX Info: Redefining \nameref on input line 126.

(./Final_DEC_Slides.out) (./Final_DEC_Slides.out)
\@outlinefile=\write5
\openout5 = `Final_DEC_Slides.out'.

LaTeX Font Info:    Overwriting symbol font `operators' in version `normal'
(Font)                  OT1/cmr/m/n --> OT1/cmss/m/n on input line 126.
LaTeX Font Info:    Overwriting symbol font `operators' in version `bold'
(Font)                  OT1/cmr/bx/n --> OT1/cmss/bx/n on input line 126.
\symnumbers=\mathgroup7
\sympureletters=\mathgroup8
LaTeX Font Info:    Overwriting math alphabet `\mathrm' in version `normal'
(Font)                  OT1/cmss/m/n --> OT1/cmr/m/n on input line 126.
LaTeX Font Info:    Redeclaring math alphabet \mathbf on input line 126.
LaTeX Font Info:    Overwriting math alphabet `\mathbf' in version `normal'
(Font)                  OT1/cmr/bx/n --> OT1/cmss/bx/n on input line 126.
LaTeX Font Info:    Overwriting math alphabet `\mathbf' in version `bold'
(Font)                  OT1/cmr/bx/n --> OT1/cmss/bx/n on input line 126.
LaTeX Font Info:    Redeclaring math alphabet \mathsf on input line 126.
LaTeX Font Info:    Overwriting math alphabet `\mathsf' in version `normal'
(Font)                  OT1/cmss/m/n --> OT1/cmss/m/n on input line 126.
LaTeX Font Info:    Overwriting math alphabet `\mathsf' in version `bold'
(Font)                  OT1/cmss/bx/n --> OT1/cmss/m/n on input line 126.
LaTeX Font Info:    Redeclaring math alphabet \mathit on input line 126.
LaTeX Font Info:    Overwriting math alphabet `\mathit' in version `normal'
(Font)                  OT1/cmr/m/it --> OT1/cmss/m/it on input line 126.
LaTeX Font Info:    Overwriting math alphabet `\mathit' in version `bold'
(Font)                  OT1/cmr/bx/it --> OT1/cmss/m/it on input line 126.
LaTeX Font Info:    Redeclaring math alphabet \mathtt on input line 126.
LaTeX Font Info:    Overwriting math alphabet `\mathtt' in version `normal'
(Font)                  OT1/cmtt/m/n --> OT1/cmtt/m/n on input line 126.
LaTeX Font Info:    Overwriting math alphabet `\mathtt' in version `bold'
(Font)                  OT1/cmtt/m/n --> OT1/cmtt/m/n on input line 126.
LaTeX Font Info:    Overwriting symbol font `numbers' in version `bold'
(Font)                  OT1/cmss/m/n --> OT1/cmss/bx/n on input line 126.
LaTeX Font Info:    Overwriting symbol font `pureletters' in version `bold'
(Font)                  OT1/cmss/m/it --> OT1/cmss/bx/it on input line 126.
LaTeX Font Info:    Overwriting math alphabet `\mathrm' in version `bold'
(Font)                  OT1/cmss/bx/n --> OT1/cmr/bx/n on input line 126.
LaTeX Font Info:    Overwriting math alphabet `\mathbf' in version `bold'
(Font)                  OT1/cmss/bx/n --> OT1/cmss/bx/n on input line 126.
LaTeX Font Info:    Overwriting math alphabet `\mathsf' in version `bold'
(Font)                  OT1/cmss/m/n --> OT1/cmss/bx/n on input line 126.
LaTeX Font Info:    Overwriting math alphabet `\mathit' in version `bold'
(Font)                  OT1/cmss/m/it --> OT1/cmss/bx/it on input line 126.
LaTeX Font Info:    Overwriting math alphabet `\mathtt' in version `bold'
(Font)                  OT1/cmtt/m/n --> OT1/cmtt/bx/n on input line 126.
LaTeX Font Info:    Redeclaring symbol font `pureletters' on input line 126.
LaTeX Font Info:    Overwriting symbol font `pureletters' in version `normal'
(Font)                  OT1/cmss/m/it --> OT1/mathkerncmss/m/sl on input line 1
26.
LaTeX Font Info:    Overwriting symbol font `pureletters' in version `bold'
(Font)                  OT1/cmss/bx/it --> OT1/mathkerncmss/m/sl on input line 
126.
LaTeX Font Info:    Overwriting symbol font `pureletters' in version `bold'
(Font)                  OT1/mathkerncmss/m/sl --> OT1/mathkerncmss/bx/sl on inp
ut line 126.

(/usr/local/texlive/2014/texmf-dist/tex/latex/beamer/translator/dicts/translato
r-basic-dictionary/translator-basic-dictionary-English.dict
Dictionary: translator-basic-dictionary, Language: English 
)
(/usr/local/texlive/2014/texmf-dist/tex/latex/beamer/translator/dicts/translato
r-bibliography-dictionary/translator-bibliography-dictionary-English.dict
Dictionary: translator-bibliography-dictionary, Language: English 
)
(/usr/local/texlive/2014/texmf-dist/tex/latex/beamer/translator/dicts/translato
r-environment-dictionary/translator-environment-dictionary-English.dict
Dictionary: translator-environment-dictionary, Language: English 
)
(/usr/local/texlive/2014/texmf-dist/tex/latex/beamer/translator/dicts/translato
r-months-dictionary/translator-months-dictionary-English.dict
Dictionary: translator-months-dictionary, Language: English 
)
(/usr/local/texlive/2014/texmf-dist/tex/latex/beamer/translator/dicts/translato
r-numbers-dictionary/translator-numbers-dictionary-English.dict
Dictionary: translator-numbers-dictionary, Language: English 
)
(/usr/local/texlive/2014/texmf-dist/tex/latex/beamer/translator/dicts/translato
r-theorem-dictionary/translator-theorem-dictionary-English.dict
Dictionary: translator-theorem-dictionary, Language: English 
)
LaTeX Info: Redefining \includegraphics on input line 126.
Package caption Info: Begin \AtBeginDocument code.
Package caption Info: subfig package v1.3 is loaded.
Package caption Info: Incompatible package detected (regarding \caption).
(caption)             \caption = macro:->\ifx \@captype \@undefined \@latex@err
or {\noexpand \caption outside figure or table}\@ehd \expandafter \@gobble \els
e \refstepcounter \@captype \expandafter \@firstofone \fi {\@dblarg {\@caption 
\@captype }}.


Package caption Warning: \caption will not be redefined since it's already
(caption)                redefined by a document class or package which is
(caption)                unknown to the caption package.
See the caption package documentation for explanation.

Package caption Info: wrapfig package is loaded.
Package caption Info: End \AtBeginDocument code.

(/usr/local/texlive/2014/texmf-dist/tex/latex/siunitx/siunitx-abbreviations.cfg
File: siunitx-abbreviations.cfg 2014/10/28 v2.6d siunitx: Abbreviated units
) (./Final_DEC_Slides.nav)
Overfull \hbox (2.11946pt too wide) in paragraph at lines 126--126
[][][][]  
 []

\c__siunitx_mathsf_int=\count303
LaTeX Font Info:    Try loading font information for U+msa on input line 126.
(/usr/local/texlive/2014/texmf-dist/tex/latex/amsfonts/umsa.fd
File: umsa.fd 2013/01/14 v3.01 AMS symbols A
)
LaTeX Font Info:    Try loading font information for U+msb on input line 126.

(/usr/local/texlive/2014/texmf-dist/tex/latex/amsfonts/umsb.fd
File: umsb.fd 2013/01/14 v3.01 AMS symbols B
)
LaTeX Font Info:    Try loading font information for U+esint on input line 126.


(/usr/local/texlive/2014/texmf-dist/tex/latex/esint/uesint.fd
File: uesint.fd 
)
LaTeX Font Info:    Try loading font information for OT1+mathkerncmss on input 
line 126.

(/usr/local/texlive/2014/texmf-dist/tex/latex/sansmathaccent/ot1mathkerncmss.fd
File: ot1mathkerncmss.fd 2013/03/27 Fontinst v1.933 font definitions for OT1/ma
thkerncmss.
)
\c__siunitx_mathtt_int=\count304
 <./figs/utias_logo_blue.jpg, id=168, 651.8754pt x 826.7688pt>
File: ./figs/utias_logo_blue.jpg Graphic file (type jpg)

<use ./figs/utias_logo_blue.jpg>
Package pdftex.def Info: ./figs/utias_logo_blue.jpg used on input line 135.
(pdftex.def)             Requested size: 32.32068pt x 40.98763pt.
 [1

{/usr/local/texlive/2014/texmf-var/fonts/map/pdftex/updmap/pdftex.map} <./figs/
utias_logo_blue.jpg>]
<./figs/MooresLaw.png, id=179, 1218.5525pt x 818.05624pt>
File: ./figs/MooresLaw.png Graphic file (type png)

<use ./figs/MooresLaw.png>
Package pdftex.def Info: ./figs/MooresLaw.png used on input line 192.
(pdftex.def)             Requested size: 189.00383pt x 116.29527pt.

<./figs/utias-logo2.jpg, id=183, 441.43297pt x 552.1428pt>
File: ./figs/utias-logo2.jpg Graphic file (type jpg)

<use ./figs/utias-logo2.jpg>
Package pdftex.def Info: ./figs/utias-logo2.jpg used on input line 192.
(pdftex.def)             Requested size: 28.45166pt x 28.45125pt.


LaTeX Font Warning: Font shape `OT1/cmss/m/n' in size <4> not available
(Font)              size <5> substituted on input line 192.


Overfull \hbox (2.11946pt too wide) has occurred while \output is active
[][][][] 
 []

[2

 <./figs/MooresLaw.png (PNG copy)> <./figs/utias-logo2.jpg>]
LaTeX Font Info:    Try loading font information for OMS+cmss on input line 232
.
LaTeX Font Info:    No file OMScmss.fd. on input line 232.


LaTeX Font Warning: Font shape `OMS/cmss/m/n' undefined
(Font)              using `OMS/cmsy/m/n' instead
(Font)              for symbol `textbullet' on input line 232.

<./figs/dlrflame.png, id=227, 110.4125pt x 281.05pt>
File: ./figs/dlrflame.png Graphic file (type png)
 <use ./figs/dlrflame.png>
Package pdftex.def Info: ./figs/dlrflame.png used on input line 232.
(pdftex.def)             Requested size: 34.26627pt x 87.22366pt.
File: ./figs/utias-logo2.jpg Graphic file (type jpg)

<use ./figs/utias-logo2.jpg>
Package pdftex.def Info: ./figs/utias-logo2.jpg used on input line 232.
(pdftex.def)             Requested size: 28.45166pt x 28.45125pt.

Overfull \hbox (2.11946pt too wide) has occurred while \output is active
[][][][] 
 []

[3

 <./figs/dlrflame.png>]
<./figs/Temperatures.png, id=254, 488.82625pt x 377.41pt>
File: ./figs/Temperatures.png Graphic file (type png)

<use ./figs/Temperatures.png>
Package pdftex.def Info: ./figs/Temperatures.png used on input line 256.
(pdftex.def)             Requested size: 150.83533pt x 116.45456pt.
pdfTeX warning (ext4): destination with the same identifier (name{fig:contourDN
S}) has been already used, duplicate ignored
<to be read again> 
                   \relax 
l.256 \end{frame}
                 
<./figs/Temp_DNS_LES2.png, id=255, 492.84125pt x 400.49625pt>
File: ./figs/Temp_DNS_LES2.png Graphic file (type png)

<use ./figs/Temp_DNS_LES2.png>
Package pdftex.def Info: ./figs/Temp_DNS_LES2.png used on input line 256.
(pdftex.def)             Requested size: 129.2893pt x 105.06155pt.

Overfull \hbox (5.71828pt too wide) in paragraph at lines 256--256
 [][] 
 []

File: ./figs/utias-logo2.jpg Graphic file (type jpg)
<use ./figs/utias-logo2.jpg>
Package pdftex.def Info: ./figs/utias-logo2.jpg used on input line 256.
(pdftex.def)             Requested size: 28.45166pt x 28.45125pt.

Overfull \hbox (2.11946pt too wide) has occurred while \output is active
[][][][] 
 []

[4

 <./figs/Temperatures.png> <./figs/Temp_DNS_LES2.png>]
File: ./figs/utias-logo2.jpg Graphic file (type jpg)

<use ./figs/utias-logo2.jpg>
Package pdftex.def Info: ./figs/utias-logo2.jpg used on input line 288.
(pdftex.def)             Requested size: 28.45166pt x 28.45125pt.

Overfull \hbox (2.11946pt too wide) has occurred while \output is active
[][][][] 
 []

[5

] <./figs/BlockDivision.jpg, id=306, 1061.9675pt x 737.75626pt>
File: ./figs/BlockDivision.jpg Graphic file (type jpg)

<use ./figs/BlockDivision.jpg>
Package pdftex.def Info: ./figs/BlockDivision.jpg used on input line 317.
(pdftex.def)             Requested size: 204.70534pt x 142.20145pt.

Overfull \hbox (3.99997pt too wide) in paragraph at lines 317--317
[][]  
 []

File: ./figs/utias-logo2.jpg Graphic file (type jpg)
<use ./figs/utias-logo2.jpg>
Package pdftex.def Info: ./figs/utias-logo2.jpg used on input line 317.
(pdftex.def)             Requested size: 28.45166pt x 28.45125pt.

Overfull \vbox (9.7375pt too high) detected at line 317
 []


Overfull \hbox (2.11946pt too wide) has occurred while \output is active
[][][][] 
 []

[6

 <./figs/BlockDivision.jpg>]
<./figs/flagged_cells.jpg, id=337, 579.96675pt x 579.96675pt>
File: ./figs/flagged_cells.jpg Graphic file (type jpg)

<use ./figs/flagged_cells.jpg>
Package pdftex.def Info: ./figs/flagged_cells.jpg used on input line 354.
(pdftex.def)             Requested size: 73.04869pt x 73.04433pt.

<./figs/cell-based-refine.jpg, id=339, 579.96675pt x 579.96675pt>
File: ./figs/cell-based-refine.jpg Graphic file (type jpg)

<use ./figs/cell-based-refine.jpg>
Package pdftex.def Info: ./figs/cell-based-refine.jpg used on input line 354.
(pdftex.def)             Requested size: 73.04869pt x 73.04433pt.

<./figs/patch-based_refine.jpg, id=341, 579.96675pt x 579.96675pt>
File: ./figs/patch-based_refine.jpg Graphic file (type jpg)

<use ./figs/patch-based_refine.jpg>
Package pdftex.def Info: ./figs/patch-based_refine.jpg used on input line 354.
(pdftex.def)             Requested size: 73.04869pt x 73.04433pt.

<./figs/block-based.jpg, id=343, 583.58025pt x 583.58025pt>
File: ./figs/block-based.jpg Graphic file (type jpg)

<use ./figs/block-based.jpg>
Package pdftex.def Info: ./figs/block-based.jpg used on input line 354.
(pdftex.def)             Requested size: 73.04869pt x 73.04529pt.

Overfull \hbox (1.45213pt too wide) in paragraph at lines 354--354
 [][][][] 
 []


Overfull \hbox (3.99997pt too wide) in paragraph at lines 354--354
[][]  
 []

File: ./figs/utias-logo2.jpg Graphic file (type jpg)
<use ./figs/utias-logo2.jpg>
Package pdftex.def Info: ./figs/utias-logo2.jpg used on input line 354.
(pdftex.def)             Requested size: 28.45166pt x 28.45125pt.

Overfull \vbox (9.7375pt too high) detected at line 354
 []


Overfull \hbox (2.11946pt too wide) has occurred while \output is active
[][][][] 
 []

[7

 <./figs/flagged_cells.jpg> <./figs/cell-based-refine.jpg> <./figs/patch-based_
refine.jpg> <./figs/block-based.jpg>]pdfTeX warning (ext4): destination with th
e same identifier (name{fig:cubeAMRbased}) has been already used, duplicate ign
ored
<to be read again> 
                   \relax 
l.388 \end{frame}
                 
<./figs/shockCubeAniso3.jpg, id=377, 792.9625pt x 705.63625pt>
File: ./figs/shockCubeAniso3.jpg Graphic file (type jpg)

<use ./figs/shockCubeAniso3.jpg>
Package pdftex.def Info: ./figs/shockCubeAniso3.jpg used on input line 388.
(pdftex.def)             Requested size: 129.2893pt x 115.04675pt.

<./figs/shockCubeIso3.jpg, id=379, 792.9625pt x 705.63625pt>
File: ./figs/shockCubeIso3.jpg Graphic file (type jpg)

<use ./figs/shockCubeIso3.jpg>
Package pdftex.def Info: ./figs/shockCubeIso3.jpg used on input line 388.
(pdftex.def)             Requested size: 129.2893pt x 115.04675pt.

Overfull \hbox (3.99997pt too wide) in paragraph at lines 388--388
[][]  
 []

File: ./figs/utias-logo2.jpg Graphic file (type jpg)
<use ./figs/utias-logo2.jpg>
Package pdftex.def Info: ./figs/utias-logo2.jpg used on input line 388.
(pdftex.def)             Requested size: 28.45166pt x 28.45125pt.

Overfull \vbox (9.7375pt too high) detected at line 388
 []


Overfull \hbox (2.11946pt too wide) has occurred while \output is active
[][][][] 
 []

[8

 <./figs/shockCubeAniso3.jpg> <./figs/shockCubeIso3.jpg>]
<./figs/ghostblock.png, id=408, 683.55376pt x 554.07pt>
File: ./figs/ghostblock.png Graphic file (type png)

<use ./figs/ghostblock.png>
Package pdftex.def Info: ./figs/ghostblock.png used on input line 424.
(pdftex.def)             Requested size: 86.19067pt x 69.85884pt.
Package epstopdf Info: Source file: <./figs/parallel-domain-decomp.eps>
(epstopdf)                    date: 2015-04-02 15:42:57
(epstopdf)                    size: 1621555 bytes
(epstopdf)             Output file: <./figs/parallel-domain-decomp-eps-converte
d-to.pdf>
(epstopdf)                    date: 2015-04-02 15:42:56
(epstopdf)                    size: 51705 bytes
(epstopdf)             Command: <repstopdf --outfile=./figs/parallel-domain-dec
omp-eps-converted-to.pdf ./figs/parallel-domain-decomp.eps>
(epstopdf)             \includegraphics on input line 424.
runsystem(repstopdf --outfile=./figs/parallel-domain-decomp-eps-converted-to.pd
f ./figs/parallel-domain-decomp.eps)...executed safely (allowed).

Package epstopdf Info: Result file: <./figs/parallel-domain-decomp-eps-converte
d-to.pdf>
(epstopdf)                    date: 2015-04-02 15:42:56
(epstopdf)                    size: 51705 bytes.

<./figs/parallel-domain-decomp-eps-converted-to.pdf, id=410, 490.83376pt x 327.
2225pt>
File: ./figs/parallel-domain-decomp-eps-converted-to.pdf Graphic file (type pdf
)
 <use ./figs/parallel-domain-decomp-eps-converted-to.pdf>
Package pdftex.def Info: ./figs/parallel-domain-decomp-eps-converted-to.pdf use
d on input line 424.
(pdftex.def)             Requested size: 86.19067pt x 57.45952pt.

<./figs/Non-UniformBlock.png, id=412, 1138.2525pt x 829.0975pt>
File: ./figs/Non-UniformBlock.png Graphic file (type png)

<use ./figs/Non-UniformBlock.png>
Package pdftex.def Info: ./figs/Non-UniformBlock.png used on input line 424.
(pdftex.def)             Requested size: 118.51465pt x 93.31372pt.

Overfull \hbox (3.99997pt too wide) in paragraph at lines 424--424
[][]  
 []

File: ./figs/utias-logo2.jpg Graphic file (type jpg)
<use ./figs/utias-logo2.jpg>
Package pdftex.def Info: ./figs/utias-logo2.jpg used on input line 424.
(pdftex.def)             Requested size: 28.45166pt x 28.45125pt.

Overfull \vbox (9.7375pt too high) detected at line 424
 []


Overfull \hbox (2.11946pt too wide) has occurred while \output is active
[][][][] 
 []

[9

 <./figs/ghostblock.png (PNG copy)> <./figs/parallel-domain-decomp-eps-converte
d-to.pdf> <./figs/Non-UniformBlock.png>]
Overfull \hbox (7.29996pt too wide) in paragraph at lines 471--471
[][]  
 []

File: ./figs/utias-logo2.jpg Graphic file (type jpg)
<use ./figs/utias-logo2.jpg>
Package pdftex.def Info: ./figs/utias-logo2.jpg used on input line 471.
(pdftex.def)             Requested size: 28.45166pt x 28.45125pt.

Overfull \vbox (16.33751pt too high) detected at line 471
 []


Overfull \hbox (2.11946pt too wide) has occurred while \output is active
[][][][] 
 []

[10

] <./figs/fig_quadpts.png, id=475, 666.49pt x 576.1525pt>
File: ./figs/fig_quadpts.png Graphic file (type png)

<use ./figs/fig_quadpts.png>
Package pdftex.def Info: ./figs/fig_quadpts.png used on input line 504.
(pdftex.def)             Requested size: 114.20413pt x 98.71826pt.

<./figs/error_ho_amr3.jpg, id=477, 782.17218pt x 595.47469pt>
File: ./figs/error_ho_amr3.jpg Graphic file (type jpg)

<use ./figs/error_ho_amr3.jpg>
Package pdftex.def Info: ./figs/error_ho_amr3.jpg used on input line 504.
(pdftex.def)             Requested size: 129.2893pt x 98.4308pt.

Overfull \hbox (5.33331pt too wide) in paragraph at lines 504--504
[][]  
 []

File: ./figs/utias-logo2.jpg Graphic file (type jpg)
<use ./figs/utias-logo2.jpg>
Package pdftex.def Info: ./figs/utias-logo2.jpg used on input line 504.
(pdftex.def)             Requested size: 28.45166pt x 28.45125pt.

Overfull \vbox (12.2375pt too high) detected at line 504
 []


Overfull \hbox (2.11946pt too wide) has occurred while \output is active
[][][][] 
 []

[11

pdfTeX warning (ext4): destination with the same identifier (name{fig:errorHO})
 has been already used, duplicate ignored

\@EveryShipout@Output ...@Org@Shipout \box \@cclv 
                                                  
l.504 \end{frame}
                  <./figs/fig_quadpts.png> <./figs/error_ho_amr3.jpg>]
File: ./figs/utias-logo2.jpg Graphic file (type jpg)

<use ./figs/utias-logo2.jpg>
Package pdftex.def Info: ./figs/utias-logo2.jpg used on input line 546.
(pdftex.def)             Requested size: 28.45166pt x 28.45125pt.

Overfull \vbox (6.2375pt too high) detected at line 546
 []


Overfull \hbox (2.11946pt too wide) has occurred while \output is active
[][][][] 
 []

[12

] <./figs/Error.png, id=524, 1059.96pt x 797.98125pt>
File: ./figs/Error.png Graphic file (type png)

<use ./figs/Error.png>
Package pdftex.def Info: ./figs/Error.png used on input line 567.
(pdftex.def)             Requested size: 247.16597pt x 186.0751pt.

Overfull \hbox (5.33331pt too wide) in paragraph at lines 567--567
[][]  
 []

File: ./figs/utias-logo2.jpg Graphic file (type jpg)
<use ./figs/utias-logo2.jpg>
Package pdftex.def Info: ./figs/utias-logo2.jpg used on input line 567.
(pdftex.def)             Requested size: 28.45166pt x 28.45125pt.

Overfull \vbox (37.88681pt too high) detected at line 567
 []


Overfull \hbox (2.11946pt too wide) has occurred while \output is active
[][][][] 
 []

[13

 <./figs/Error.png>]
File: ./figs/utias-logo2.jpg Graphic file (type jpg)
 <use ./figs/utias-logo2.jpg>
Package pdftex.def Info: ./figs/utias-logo2.jpg used on input line 594.
(pdftex.def)             Requested size: 28.45166pt x 28.45125pt.

Overfull \hbox (2.11946pt too wide) has occurred while \output is active
[][][][] 
 []

[14

]
File: ./figs/utias-logo2.jpg Graphic file (type jpg)
 <use ./figs/utias-logo2.jpg>
Package pdftex.def Info: ./figs/utias-logo2.jpg used on input line 627.
(pdftex.def)             Requested size: 28.45166pt x 28.45125pt.

Overfull \hbox (2.11946pt too wide) has occurred while \output is active
[][][][] 
 []

[15

]
File: ./figs/utias-logo2.jpg Graphic file (type jpg)
 <use ./figs/utias-logo2.jpg>
Package pdftex.def Info: ./figs/utias-logo2.jpg used on input line 643.
(pdftex.def)             Requested size: 28.45166pt x 28.45125pt.

Overfull \hbox (2.11946pt too wide) has occurred while \output is active
[][][][] 
 []

[16

] <./figs/outflowIso.png, id=618, 745.78625pt x 664.4825pt>
File: ./figs/outflowIso.png Graphic file (type png)

<use ./figs/outflowIso.png>
Package pdftex.def Info: ./figs/outflowIso.png used on input line 672.
(pdftex.def)             Requested size: 96.96533pt x 86.38574pt.

<./figs/outflowAniso.png, id=620, 745.78625pt x 664.4825pt>
File: ./figs/outflowAniso.png Graphic file (type png)

<use ./figs/outflowAniso.png>
Package pdftex.def Info: ./figs/outflowAniso.png used on input line 672.
(pdftex.def)             Requested size: 96.96533pt x 86.38574pt.

<./figs/outflowError.png, id=622, 745.78625pt x 664.4825pt>
File: ./figs/outflowError.png Graphic file (type png)

<use ./figs/outflowError.png>
Package pdftex.def Info: ./figs/outflowError.png used on input line 672.
(pdftex.def)             Requested size: 96.96533pt x 86.38574pt.

Overfull \hbox (5.33331pt too wide) in paragraph at lines 672--672
[][]  
 []

File: ./figs/utias-logo2.jpg Graphic file (type jpg)
<use ./figs/utias-logo2.jpg>
Package pdftex.def Info: ./figs/utias-logo2.jpg used on input line 672.
(pdftex.def)             Requested size: 28.45166pt x 28.45125pt.

Overfull \vbox (12.2375pt too high) detected at line 672
 []


Overfull \hbox (2.11946pt too wide) has occurred while \output is active
[][][][] 
 []

[17

 <./figs/outflowIso.png (PNG copy)> <./figs/outflowAniso.png (PNG copy)> <./fig
s/outflowError.png (PNG copy)>]
File: ./figs/utias-logo2.jpg Graphic file (type jpg)
 <use ./figs/utias-logo2.jpg>
Package pdftex.def Info: ./figs/utias-logo2.jpg used on input line 685.
(pdftex.def)             Requested size: 28.45166pt x 28.45125pt.

Overfull \hbox (2.11946pt too wide) has occurred while \output is active
[][][][] 
 []

[18

]
File: ./figs/utias-logo2.jpg Graphic file (type jpg)
 <use ./figs/utias-logo2.jpg>
Package pdftex.def Info: ./figs/utias-logo2.jpg used on input line 710.
(pdftex.def)             Requested size: 28.45166pt x 28.45125pt.

Overfull \hbox (2.11946pt too wide) has occurred while \output is active
[][][][] 
 []

[19

]
File: ./figs/utias-logo2.jpg Graphic file (type jpg)
 <use ./figs/utias-logo2.jpg>
Package pdftex.def Info: ./figs/utias-logo2.jpg used on input line 753.
(pdftex.def)             Requested size: 28.45166pt x 28.45125pt.

Overfull \hbox (2.11946pt too wide) has occurred while \output is active
[][][][] 
 []

[20

]
Overfull \hbox (5.33331pt too wide) in paragraph at lines 792--792
[][]  
 []

File: ./figs/utias-logo2.jpg Graphic file (type jpg)
<use ./figs/utias-logo2.jpg>
Package pdftex.def Info: ./figs/utias-logo2.jpg used on input line 792.
(pdftex.def)             Requested size: 28.45166pt x 28.45125pt.

Overfull \vbox (12.2375pt too high) detected at line 792
 []


Overfull \hbox (2.11946pt too wide) has occurred while \output is active
[][][][] 
 []

[21

]
File: ./figs/utias-logo2.jpg Graphic file (type jpg)
 <use ./figs/utias-logo2.jpg>
Package pdftex.def Info: ./figs/utias-logo2.jpg used on input line 818.
(pdftex.def)             Requested size: 28.45166pt x 28.45125pt.

Overfull \hbox (2.11946pt too wide) has occurred while \output is active
[][][][] 
 []

[22

]
Missing character: There is no  in font cmss8!
Missing character: There is no  in font cmss8!
File: ./figs/utias-logo2.jpg Graphic file (type jpg)
 <use ./figs/utias-logo2.jpg>
Package pdftex.def Info: ./figs/utias-logo2.jpg used on input line 837.
(pdftex.def)             Requested size: 28.45166pt x 28.45125pt.

Overfull \hbox (2.11946pt too wide) has occurred while \output is active
[][][][] 
 []

[23

] <./figs/LAV_adj_err.png, id=782, 1377.145pt x 492.84125pt>
File: ./figs/LAV_adj_err.png Graphic file (type png)

<use ./figs/LAV_adj_err.png>
Package pdftex.def Info: ./figs/LAV_adj_err.png used on input line 872.
(pdftex.def)             Requested size: 137.90706pt x 49.34717pt.

<./figs/LAV_mesh.png, id=784, 759.83875pt x 540.0175pt>
File: ./figs/LAV_mesh.png Graphic file (type png)

<use ./figs/LAV_mesh.png>
Package pdftex.def Info: ./figs/LAV_mesh.png used on input line 872.
(pdftex.def)             Requested size: 152.99223pt x 108.7267pt.

Overfull \hbox (5.33331pt too wide) in paragraph at lines 872--872
[][]  
 []

File: ./figs/utias-logo2.jpg Graphic file (type jpg)
<use ./figs/utias-logo2.jpg>
Package pdftex.def Info: ./figs/utias-logo2.jpg used on input line 872.
(pdftex.def)             Requested size: 28.45166pt x 28.45125pt.

Overfull \vbox (16.33751pt too high) detected at line 872
 []


Overfull \hbox (2.11946pt too wide) has occurred while \output is active
[][][][] 
 []

[24

 <./figs/LAV_adj_err.png (PNG copy)> <./figs/LAV_mesh.png (PNG copy)>]
<./figs/Poisson2D.png, id=811, 560.0925pt x 472.6458pt>
File: ./figs/Poisson2D.png Graphic file (type png)

<use ./figs/Poisson2D.png>
Package pdftex.def Info: ./figs/Poisson2D.png used on input line 905.
(pdftex.def)             Requested size: 150.83533pt x 127.28432pt.

<./figs/3D_Poisson.png, id=812, 1184.425pt x 1052.93375pt>
File: ./figs/3D_Poisson.png Graphic file (type png)

<use ./figs/3D_Poisson.png>
Package pdftex.def Info: ./figs/3D_Poisson.png used on input line 905.
(pdftex.def)             Requested size: 150.83533pt x 126.82854pt.

Overfull \hbox (5.33331pt too wide) in paragraph at lines 905--905
[][]  
 []

File: ./figs/utias-logo2.jpg Graphic file (type jpg)
<use ./figs/utias-logo2.jpg>
Package pdftex.def Info: ./figs/utias-logo2.jpg used on input line 905.
(pdftex.def)             Requested size: 28.45166pt x 28.45125pt.

Overfull \hbox (2.11946pt too wide) has occurred while \output is active
[][][][] 
 []

[25

 <./figs/3D_Poisson.png (PNG copy)> <./figs/Poisson2D.png>]
<./figs/Flame_temp.png, id=844, 794.97pt x 705.63625pt>
File: ./figs/Flame_temp.png Graphic file (type png)

<use ./figs/Flame_temp.png>
Package pdftex.def Info: ./figs/Flame_temp.png used on input line 947.
(pdftex.def)             Requested size: 45.25224pt x 58.29585pt.

<./figs/fsd2_0ms.png, id=846, 1178.4025pt x 1067.99pt>
File: ./figs/fsd2_0ms.png Graphic file (type png)

<use ./figs/fsd2_0ms.png>
Package pdftex.def Info: ./figs/fsd2_0ms.png used on input line 947.
(pdftex.def)             Requested size: 64.64465pt x 58.58481pt.

<./figs/fsd4_25ms.png, id=848, 1178.4025pt x 1072.005pt>
File: ./figs/fsd4_25ms.png Graphic file (type png)

<use ./figs/fsd4_25ms.png>
Package pdftex.def Info: ./figs/fsd4_25ms.png used on input line 947.
(pdftex.def)             Requested size: 64.64465pt x 58.80505pt.

<./figs/fsd7_0ms.png, id=850, 1178.4025pt x 1073.00874pt>
File: ./figs/fsd7_0ms.png Graphic file (type png)

<use ./figs/fsd7_0ms.png>
Package pdftex.def Info: ./figs/fsd7_0ms.png used on input line 947.
(pdftex.def)             Requested size: 64.64465pt x 58.8601pt.

<./figs/Time_averaged_c_O2.png, id=852, 794.97pt x 705.63625pt>
File: ./figs/Time_averaged_c_O2.png Graphic file (type png)

<use ./figs/Time_averaged_c_O2.png>
Package pdftex.def Info: ./figs/Time_averaged_c_O2.png used on input line 947.
(pdftex.def)             Requested size: 53.87pt x 58.924pt.

Overfull \hbox (2.31357pt too wide) in paragraph at lines 947--947
 [][][][][] 
 []


Overfull \hbox (5.33331pt too wide) in paragraph at lines 947--947
[]  
 []

File: ./figs/utias-logo2.jpg Graphic file (type jpg)
<use ./figs/utias-logo2.jpg>
Package pdftex.def Info: ./figs/utias-logo2.jpg used on input line 947.
(pdftex.def)             Requested size: 28.45166pt x 28.45125pt.

Overfull \vbox (31.2375pt too high) detected at line 947
 []


Overfull \hbox (2.11946pt too wide) has occurred while \output is active
[][][][] 
 []

[26

 <./figs/Flame_temp.png (PNG copy)> <./figs/fsd2_0ms.png (PNG copy)> <./figs/fs
d4_25ms.png (PNG copy)> <./figs/fsd7_0ms.png (PNG copy)> <./figs/Time_averaged_
c_O2.png (PNG copy)>] <./figs/20Rho.png, id=886, 794.97pt x 705.63625pt>
File: ./figs/20Rho.png Graphic file (type png)

<use ./figs/20Rho.png>
Package pdftex.def Info: ./figs/20Rho.png used on input line 980.
(pdftex.def)             Requested size: 140.06067pt x 124.31726pt.
 <./figs/20RhoAdj.png, id=888, 794.97pt x 705.63625pt>
File: ./figs/20RhoAdj.png Graphic file (type png)

<use ./figs/20RhoAdj.png>
Package pdftex.def Info: ./figs/20RhoAdj.png used on input line 980.
(pdftex.def)             Requested size: 140.06067pt x 124.31726pt.

Overfull \hbox (7.29996pt too wide) in paragraph at lines 980--980
[][]  
 []

File: ./figs/utias-logo2.jpg Graphic file (type jpg)
<use ./figs/utias-logo2.jpg>
Package pdftex.def Info: ./figs/utias-logo2.jpg used on input line 980.
(pdftex.def)             Requested size: 28.45166pt x 28.45125pt.

Overfull \vbox (16.33751pt too high) detected at line 980
 []


Overfull \hbox (2.11946pt too wide) has occurred while \output is active
[][][][] 
 []

[27

 <./figs/20Rho.png (PNG copy)> <./figs/20RhoAdj.png (PNG copy)>]
Overfull \hbox (5.33331pt too wide) in paragraph at lines 1016--1016
[][]  
 []

File: ./figs/utias-logo2.jpg Graphic file (type jpg)
<use ./figs/utias-logo2.jpg>
Package pdftex.def Info: ./figs/utias-logo2.jpg used on input line 1016.
(pdftex.def)             Requested size: 28.45166pt x 28.45125pt.

Overfull \vbox (12.2375pt too high) detected at line 1016
 []


Overfull \hbox (2.11946pt too wide) has occurred while \output is active
[][][][] 
 []

[28

]
Overfull \hbox (1.68826pt too wide) in paragraph at lines 1059--1059
[][]  
 []


Overfull \hbox (5.33331pt too wide) in paragraph at lines 1059--1059
[][]  
 []

File: ./figs/utias-logo2.jpg Graphic file (type jpg)
<use ./figs/utias-logo2.jpg>
Package pdftex.def Info: ./figs/utias-logo2.jpg used on input line 1059.
(pdftex.def)             Requested size: 28.45166pt x 28.45125pt.

Overfull \vbox (12.2375pt too high) detected at line 1059
 []


Overfull \hbox (2.11946pt too wide) has occurred while \output is active
[][][][] 
 []

[29

]
File: ./figs/utias-logo2.jpg Graphic file (type jpg)
 <use ./figs/utias-logo2.jpg>
Package pdftex.def Info: ./figs/utias-logo2.jpg used on input line 1069.
(pdftex.def)             Requested size: 28.45166pt x 28.45125pt.

Overfull \hbox (2.11946pt too wide) has occurred while \output is active
[][][][] 
 []

[30

]

Package hyperref Warning: Token not allowed in a PDF string (PDFDocEncoding):
(hyperref)                removing `\translate ' on input line 1073.

\c@finalframe=\count305
Missing character: There is no  in font cmss8!
Missing character: There is no  in font cmss8!
Missing character: There is no  in font cmss8!
Missing character: There is no  in font cmss8!
Missing character: There is no  in font cmss8!
Missing character: There is no  in font cmss8!

Overfull \hbox (7.29996pt too wide) in paragraph at lines 1108--1108
[][]  
 []

File: ./figs/utias-logo2.jpg Graphic file (type jpg)
<use ./figs/utias-logo2.jpg>
Package pdftex.def Info: ./figs/utias-logo2.jpg used on input line 1108.
(pdftex.def)             Requested size: 28.45166pt x 28.45125pt.

Overfull \vbox (16.33751pt too high) detected at line 1108
 []


Overfull \hbox (2.11946pt too wide) has occurred while \output is active
[][][][] 
 []

[31

] <./figs/rho_mesh.png, id=997, 794.97pt x 705.63625pt>
File: ./figs/rho_mesh.png Graphic file (type png)

<use ./figs/rho_mesh.png>
Package pdftex.def Info: ./figs/rho_mesh.png used on input line 1142.
(pdftex.def)             Requested size: 140.06067pt x 124.31726pt.

<./figs/rhoAdj_mesh.png, id=999, 794.97pt x 705.63625pt>
File: ./figs/rhoAdj_mesh.png Graphic file (type png)

<use ./figs/rhoAdj_mesh.png>
Package pdftex.def Info: ./figs/rhoAdj_mesh.png used on input line 1142.
(pdftex.def)             Requested size: 140.06067pt x 124.31726pt.

Overfull \hbox (7.29996pt too wide) in paragraph at lines 1142--1142
[][]  
 []

File: ./figs/utias-logo2.jpg Graphic file (type jpg)
<use ./figs/utias-logo2.jpg>
Package pdftex.def Info: ./figs/utias-logo2.jpg used on input line 1142.
(pdftex.def)             Requested size: 28.45166pt x 28.45125pt.

Overfull \vbox (16.33751pt too high) detected at line 1142
 []


Overfull \hbox (2.11946pt too wide) has occurred while \output is active
[][][][] 
 []

[32

 <./figs/rho_mesh.png (PNG copy)> <./figs/rhoAdj_mesh.png (PNG copy)>]
\tf@nav=\write6
\openout6 = `Final_DEC_Slides.nav'.

\tf@toc=\write7
\openout7 = `Final_DEC_Slides.toc'.

\tf@snm=\write8
\openout8 = `Final_DEC_Slides.snm'.

Package atveryend Info: Empty hook `BeforeClearDocument' on input line 1151.
Package atveryend Info: Empty hook `AfterLastShipout' on input line 1151.

(./Final_DEC_Slides.aux)
Package atveryend Info: Executing hook `AtVeryEndDocument' on input line 1151.
Package atveryend Info: Executing hook `AtEndAfterFileList' on input line 1151.

Package rerunfilecheck Info: File `Final_DEC_Slides.out' has not changed.
(rerunfilecheck)             Checksum: E5C18EDA06C4790BD460950E3BD6D50D;2266.


LaTeX Font Warning: Size substitutions with differences
(Font)              up to 1.0pt have occurred.


LaTeX Font Warning: Some font shapes were not available, defaults substituted.


LaTeX Warning: There were multiply-defined labels.

Package atveryend Info: Empty hook `AtVeryVeryEnd' on input line 1151.
 ) 
Here is how much of TeX's memory you used:
 27751 strings out of 493109
 568833 string characters out of 6135003
 603590 words of memory out of 5000000
 30518 multiletter control sequences out of 15000+600000
 28848 words of font info for 115 fonts, out of 8000000 for 9000
 1141 hyphenation exceptions out of 8191
 56i,18n,63p,10353b,1154s stack positions out of 5000i,500n,10000p,200000b,80000s
</usr/local/texlive/2014/texmf-dist/fonts/type1/public/amsfonts/cmextra/cmex7
.pfb></usr/local/texlive/2014/texmf-dist/fonts/type1/public/amsfonts/cmextra/cm
ex8.pfb></usr/local/texlive/2014/texmf-dist/fonts/type1/public/amsfonts/cm/cmmi
5.pfb></usr/local/texlive/2014/texmf-dist/fonts/type1/public/amsfonts/cm/cmmi6.
pfb></usr/local/texlive/2014/texmf-dist/fonts/type1/public/amsfonts/cm/cmmi8.pf
b></usr/local/texlive/2014/texmf-dist/fonts/type1/public/amsfonts/cm/cmr5.pfb><
/usr/local/texlive/2014/texmf-dist/fonts/type1/public/amsfonts/cm/cmr6.pfb></us
r/local/texlive/2014/texmf-dist/fonts/type1/public/amsfonts/cm/cmss10.pfb></usr
/local/texlive/2014/texmf-dist/fonts/type1/public/amsfonts/cm/cmss12.pfb></usr/
local/texlive/2014/texmf-dist/fonts/type1/public/amsfonts/cm/cmss17.pfb></usr/l
ocal/texlive/2014/texmf-dist/fonts/type1/public/amsfonts/cm/cmss8.pfb></usr/loc
al/texlive/2014/texmf-dist/fonts/type1/public/amsfonts/cm/cmss9.pfb></usr/local
/texlive/2014/texmf-dist/fonts/type1/public/amsfonts/cm/cmssbx10.pfb></usr/loca
l/texlive/2014/texmf-dist/fonts/type1/public/amsfonts/cm/cmssi12.pfb></usr/loca
l/texlive/2014/texmf-dist/fonts/type1/public/amsfonts/cm/cmssi17.pfb></usr/loca
l/texlive/2014/texmf-dist/fonts/type1/public/amsfonts/cm/cmssi8.pfb></usr/local
/texlive/2014/texmf-dist/fonts/type1/public/amsfonts/cm/cmsy10.pfb></usr/local/
texlive/2014/texmf-dist/fonts/type1/public/amsfonts/cm/cmsy5.pfb></usr/local/te
xlive/2014/texmf-dist/fonts/type1/public/amsfonts/cm/cmsy6.pfb></usr/local/texl
ive/2014/texmf-dist/fonts/type1/public/amsfonts/cm/cmsy8.pfb></usr/local/texliv
e/2014/texmf-dist/fonts/type1/public/amsfonts/cm/cmsy9.pfb></usr/local/texlive/
2014/texmf-dist/fonts/type1/public/amsfonts/cm/cmtt8.pfb></usr/local/texlive/20
14/texmf-dist/fonts/type1/public/esint-type1/esint10.pfb>
Output written on Final_DEC_Slides.pdf (32 pages, 5331483 bytes).
PDF statistics:
 1121 PDF objects out of 1200 (max. 8388607)
 974 compressed objects within 10 object streams
 150 named destinations out of 1000 (max. 500000)
 700 words of extra memory for PDF output out of 10000 (max. 10000000)

